[2026-02-05 00:00:07] live.ERROR: Command "pos:sendSubscriptionExpiryAlert" is not defined.

Did you mean one of these?
    pos:autoClockOutUser
    pos:autoSendPaymentReminder
    pos:calculateStatusLoan
    pos:createRecursiveFollowup
    pos:dummyBusiness
    pos:generateRecurringExpense
    pos:generateSubscriptionInvoices
    pos:mapPurchaseSell
    pos:sendScheduleNotification
    pos:smsPagoVencer
    pos:updateRewardPoints
    pos:WooCommerceSyncOrder
    pos:WoocommerceSyncProducts {"exception":"[object] (Symfony\\Component\\Console\\Exception\\CommandNotFoundException(code: 0): Command \"pos:sendSubscriptionExpiryAlert\" is not defined.

Did you mean one of these?
    pos:autoClockOutUser
    pos:autoSendPaymentReminder
    pos:calculateStatusLoan
    pos:createRecursiveFollowup
    pos:dummyBusiness
    pos:generateRecurringExpense
    pos:generateSubscriptionInvoices
    pos:mapPurchaseSell
    pos:sendScheduleNotification
    pos:smsPagoVencer
    pos:updateRewardPoints
    pos:WooCommerceSyncOrder
    pos:WoocommerceSyncProducts at /home/libraint/public_html/admin.librainternational.com.pe/vendor/symfony/console/Application.php:702)
[stacktrace]
#0 /home/libraint/public_html/admin.librainternational.com.pe/vendor/symfony/console/Application.php(256): Symfony\\Component\\Console\\Application->find()
#1 /home/libraint/public_html/admin.librainternational.com.pe/vendor/symfony/console/Application.php(168): Symfony\\Component\\Console\\Application->doRun()
#2 /home/libraint/public_html/admin.librainternational.com.pe/vendor/laravel/framework/src/Illuminate/Console/Application.php(102): Symfony\\Component\\Console\\Application->run()
#3 /home/libraint/public_html/admin.librainternational.com.pe/vendor/laravel/framework/src/Illuminate/Foundation/Console/Kernel.php(155): Illuminate\\Console\\Application->run()
#4 /home/libraint/public_html/admin.librainternational.com.pe/artisan(37): Illuminate\\Foundation\\Console\\Kernel->handle()
#5 {main}
"} 
[2026-02-05 00:00:08] live.ERROR: Command "pos:sendSubscriptionExpiryAlert" is not defined.

Did you mean one of these?
    pos:autoClockOutUser
    pos:autoSendPaymentReminder
    pos:calculateStatusLoan
    pos:createRecursiveFollowup
    pos:dummyBusiness
    pos:generateRecurringExpense
    pos:generateSubscriptionInvoices
    pos:mapPurchaseSell
    pos:sendScheduleNotification
    pos:smsPagoVencer
    pos:updateRewardPoints
    pos:WooCommerceSyncOrder
    pos:WoocommerceSyncProducts {"exception":"[object] (Symfony\\Component\\Console\\Exception\\CommandNotFoundException(code: 0): Command \"pos:sendSubscriptionExpiryAlert\" is not defined.

Did you mean one of these?
    pos:autoClockOutUser
    pos:autoSendPaymentReminder
    pos:calculateStatusLoan
    pos:createRecursiveFollowup
    pos:dummyBusiness
    pos:generateRecurringExpense
    pos:generateSubscriptionInvoices
    pos:mapPurchaseSell
    pos:sendScheduleNotification
    pos:smsPagoVencer
    pos:updateRewardPoints
    pos:WooCommerceSyncOrder
    pos:WoocommerceSyncProducts at /home/libraint/public_html/admin.librainternational.com.pe/vendor/symfony/console/Application.php:702)
[stacktrace]
#0 /home/libraint/public_html/admin.librainternational.com.pe/vendor/symfony/console/Application.php(256): Symfony\\Component\\Console\\Application->find()
#1 /home/libraint/public_html/admin.librainternational.com.pe/vendor/symfony/console/Application.php(168): Symfony\\Component\\Console\\Application->doRun()
#2 /home/libraint/public_html/admin.librainternational.com.pe/vendor/laravel/framework/src/Illuminate/Console/Application.php(102): Symfony\\Component\\Console\\Application->run()
#3 /home/libraint/public_html/admin.librainternational.com.pe/vendor/laravel/framework/src/Illuminate/Foundation/Console/Kernel.php(155): Illuminate\\Console\\Application->run()
#4 /home/libraint/public_html/admin.librainternational.com.pe/artisan(37): Illuminate\\Foundation\\Console\\Kernel->handle()
#5 {main}
"} 
[2026-02-05 00:05:05] live.INFO: MiJob se ejecutó correctamente a las 2026-02-05 00:05:05  
[2026-02-05 00:10:04] live.INFO: JOB de SMS se ejecuto correctamente el 2026-02-05 00:10:04  
[2026-02-05 14:39:25] live.ERROR: syntax error, unexpected identifier "pagos" {"exception":"[object] (ParseError(code: 0): syntax error, unexpected identifier \"pagos\" at /home/libraint/public_html/admin.librainternational.com.pe/app/Http/Controllers/TransactionPaymentController.php:340)
[stacktrace]
#0 /home/libraint/public_html/admin.librainternational.com.pe/vendor/composer/ClassLoader.php(428): Composer\\Autoload\\includeFile()
#1 [internal function]: Composer\\Autoload\\ClassLoader->loadClass()
#2 /home/libraint/public_html/admin.librainternational.com.pe/vendor/laravel/framework/src/Illuminate/Routing/Route.php(1091): is_a()
#3 /home/libraint/public_html/admin.librainternational.com.pe/vendor/laravel/framework/src/Illuminate/Routing/Route.php(1030): Illuminate\\Routing\\Route->controllerMiddleware()
#4 /home/libraint/public_html/admin.librainternational.com.pe/vendor/laravel/framework/src/Illuminate/Routing/Router.php(810): Illuminate\\Routing\\Route->gatherMiddleware()
#5 /home/libraint/public_html/admin.librainternational.com.pe/vendor/laravel/framework/src/Illuminate/Routing/Router.php(792): Illuminate\\Routing\\Router->gatherRouteMiddleware()
#6 /home/libraint/public_html/admin.librainternational.com.pe/vendor/laravel/framework/src/Illuminate/Routing/Router.php(776): Illuminate\\Routing\\Router->runRouteWithinStack()
#7 /home/libraint/public_html/admin.librainternational.com.pe/vendor/laravel/framework/src/Illuminate/Routing/Router.php(740): Illuminate\\Routing\\Router->runRoute()
#8 /home/libraint/public_html/admin.librainternational.com.pe/vendor/laravel/framework/src/Illuminate/Routing/Router.php(729): Illuminate\\Routing\\Router->dispatchToRoute()
#9 /home/libraint/public_html/admin.librainternational.com.pe/vendor/laravel/framework/src/Illuminate/Foundation/Http/Kernel.php(190): Illuminate\\Routing\\Router->dispatch()
#10 /home/libraint/public_html/admin.librainternational.com.pe/vendor/laravel/framework/src/Illuminate/Pipeline/Pipeline.php(141): Illuminate\\Foundation\\Http\\Kernel->Illuminate\\Foundation\\Http\\{closure}()
#11 /home/libraint/public_html/admin.librainternational.com.pe/vendor/barryvdh/laravel-debugbar/src/Middleware/InjectDebugbar.php(59): Illuminate\\Pipeline\\Pipeline->Illuminate\\Pipeline\\{closure}()
#12 /home/libraint/public_html/admin.librainternational.com.pe/vendor/laravel/framework/src/Illuminate/Pipeline/Pipeline.php(180): Barryvdh\\Debugbar\\Middleware\\InjectDebugbar->handle()
#13 /home/libraint/public_html/admin.librainternational.com.pe/vendor/laravel/framework/src/Illuminate/Foundation/Http/Middleware/TransformsRequest.php(21): Illuminate\\Pipeline\\Pipeline->Illuminate\\Pipeline\\{closure}()
#14 /home/libraint/public_html/admin.librainternational.com.pe/vendor/laravel/framework/src/Illuminate/Foundation/Http/Middleware/ConvertEmptyStringsToNull.php(31): Illuminate\\Foundation\\Http\\Middleware\\TransformsRequest->handle()
#15 /home/libraint/public_html/admin.librainternational.com.pe/vendor/laravel/framework/src/Illuminate/Pipeline/Pipeline.php(180): Illuminate\\Foundation\\Http\\Middleware\\ConvertEmptyStringsToNull->handle()
#16 /home/libraint/public_html/admin.librainternational.com.pe/vendor/laravel/framework/src/Illuminate/Foundation/Http/Middleware/TransformsRequest.php(21): Illuminate\\Pipeline\\Pipeline->Illuminate\\Pipeline\\{closure}()
#17 /home/libraint/public_html/admin.librainternational.com.pe/vendor/laravel/framework/src/Illuminate/Foundation/Http/Middleware/TrimStrings.php(40): Illuminate\\Foundation\\Http\\Middleware\\TransformsRequest->handle()
#18 /home/libraint/public_html/admin.librainternational.com.pe/vendor/laravel/framework/src/Illuminate/Pipeline/Pipeline.php(180): Illuminate\\Foundation\\Http\\Middleware\\TrimStrings->handle()
#19 /home/libraint/public_html/admin.librainternational.com.pe/vendor/laravel/framework/src/Illuminate/Foundation/Http/Middleware/ValidatePostSize.php(27): Illuminate\\Pipeline\\Pipeline->Illuminate\\Pipeline\\{closure}()
#20 /home/libraint/public_html/admin.librainternational.com.pe/vendor/laravel/framework/src/Illuminate/Pipeline/Pipeline.php(180): Illuminate\\Foundation\\Http\\Middleware\\ValidatePostSize->handle()
#21 /home/libraint/public_html/admin.librainternational.com.pe/vendor/laravel/framework/src/Illuminate/Foundation/Http/Middleware/PreventRequestsDuringMaintenance.php(86): Illuminate\\Pipeline\\Pipeline->Illuminate\\Pipeline\\{closure}()
#22 /home/libraint/public_html/admin.librainternational.com.pe/vendor/laravel/framework/src/Illuminate/Pipeline/Pipeline.php(180): Illuminate\\Foundation\\Http\\Middleware\\PreventRequestsDuringMaintenance->handle()
#23 /home/libraint/public_html/admin.librainternational.com.pe/vendor/laravel/framework/src/Illuminate/Http/Middleware/HandleCors.php(49): Illuminate\\Pipeline\\Pipeline->Illuminate\\Pipeline\\{closure}()
#24 /home/libraint/public_html/admin.librainternational.com.pe/vendor/laravel/framework/src/Illuminate/Pipeline/Pipeline.php(180): Illuminate\\Http\\Middleware\\HandleCors->handle()
#25 /home/libraint/public_html/admin.librainternational.com.pe/vendor/laravel/framework/src/Illuminate/Http/Middleware/TrustProxies.php(39): Illuminate\\Pipeline\\Pipeline->Illuminate\\Pipeline\\{closure}()
#26 /home/libraint/public_html/admin.librainternational.com.pe/vendor/laravel/framework/src/Illuminate/Pipeline/Pipeline.php(180): Illuminate\\Http\\Middleware\\TrustProxies->handle()
#27 /home/libraint/public_html/admin.librainternational.com.pe/vendor/laravel/framework/src/Illuminate/Pipeline/Pipeline.php(116): Illuminate\\Pipeline\\Pipeline->Illuminate\\Pipeline\\{closure}()
#28 /home/libraint/public_html/admin.librainternational.com.pe/vendor/laravel/framework/src/Illuminate/Foundation/Http/Kernel.php(165): Illuminate\\Pipeline\\Pipeline->then()
#29 /home/libraint/public_html/admin.librainternational.com.pe/vendor/laravel/framework/src/Illuminate/Foundation/Http/Kernel.php(134): Illuminate\\Foundation\\Http\\Kernel->sendRequestThroughRouter()
#30 /home/libraint/public_html/admin.librainternational.com.pe/public/index.php(52): Illuminate\\Foundation\\Http\\Kernel->handle()
#31 {main}
"} 
[2026-02-05 14:39:31] live.ERROR: syntax error, unexpected identifier "pagos" {"exception":"[object] (ParseError(code: 0): syntax error, unexpected identifier \"pagos\" at /home/libraint/public_html/admin.librainternational.com.pe/app/Http/Controllers/TransactionPaymentController.php:340)
[stacktrace]
#0 /home/libraint/public_html/admin.librainternational.com.pe/vendor/composer/ClassLoader.php(428): Composer\\Autoload\\includeFile()
#1 [internal function]: Composer\\Autoload\\ClassLoader->loadClass()
#2 /home/libraint/public_html/admin.librainternational.com.pe/vendor/laravel/framework/src/Illuminate/Routing/Route.php(1091): is_a()
#3 /home/libraint/public_html/admin.librainternational.com.pe/vendor/laravel/framework/src/Illuminate/Routing/Route.php(1030): Illuminate\\Routing\\Route->controllerMiddleware()
#4 /home/libraint/public_html/admin.librainternational.com.pe/vendor/laravel/framework/src/Illuminate/Routing/Router.php(810): Illuminate\\Routing\\Route->gatherMiddleware()
#5 /home/libraint/public_html/admin.librainternational.com.pe/vendor/laravel/framework/src/Illuminate/Routing/Router.php(792): Illuminate\\Routing\\Router->gatherRouteMiddleware()
#6 /home/libraint/public_html/admin.librainternational.com.pe/vendor/laravel/framework/src/Illuminate/Routing/Router.php(776): Illuminate\\Routing\\Router->runRouteWithinStack()
#7 /home/libraint/public_html/admin.librainternational.com.pe/vendor/laravel/framework/src/Illuminate/Routing/Router.php(740): Illuminate\\Routing\\Router->runRoute()
#8 /home/libraint/public_html/admin.librainternational.com.pe/vendor/laravel/framework/src/Illuminate/Routing/Router.php(729): Illuminate\\Routing\\Router->dispatchToRoute()
#9 /home/libraint/public_html/admin.librainternational.com.pe/vendor/laravel/framework/src/Illuminate/Foundation/Http/Kernel.php(190): Illuminate\\Routing\\Router->dispatch()
#10 /home/libraint/public_html/admin.librainternational.com.pe/vendor/laravel/framework/src/Illuminate/Pipeline/Pipeline.php(141): Illuminate\\Foundation\\Http\\Kernel->Illuminate\\Foundation\\Http\\{closure}()
#11 /home/libraint/public_html/admin.librainternational.com.pe/vendor/barryvdh/laravel-debugbar/src/Middleware/InjectDebugbar.php(59): Illuminate\\Pipeline\\Pipeline->Illuminate\\Pipeline\\{closure}()
#12 /home/libraint/public_html/admin.librainternational.com.pe/vendor/laravel/framework/src/Illuminate/Pipeline/Pipeline.php(180): Barryvdh\\Debugbar\\Middleware\\InjectDebugbar->handle()
#13 /home/libraint/public_html/admin.librainternational.com.pe/vendor/laravel/framework/src/Illuminate/Foundation/Http/Middleware/TransformsRequest.php(21): Illuminate\\Pipeline\\Pipeline->Illuminate\\Pipeline\\{closure}()
#14 /home/libraint/public_html/admin.librainternational.com.pe/vendor/laravel/framework/src/Illuminate/Foundation/Http/Middleware/ConvertEmptyStringsToNull.php(31): Illuminate\\Foundation\\Http\\Middleware\\TransformsRequest->handle()
#15 /home/libraint/public_html/admin.librainternational.com.pe/vendor/laravel/framework/src/Illuminate/Pipeline/Pipeline.php(180): Illuminate\\Foundation\\Http\\Middleware\\ConvertEmptyStringsToNull->handle()
#16 /home/libraint/public_html/admin.librainternational.com.pe/vendor/laravel/framework/src/Illuminate/Foundation/Http/Middleware/TransformsRequest.php(21): Illuminate\\Pipeline\\Pipeline->Illuminate\\Pipeline\\{closure}()
#17 /home/libraint/public_html/admin.librainternational.com.pe/vendor/laravel/framework/src/Illuminate/Foundation/Http/Middleware/TrimStrings.php(40): Illuminate\\Foundation\\Http\\Middleware\\TransformsRequest->handle()
#18 /home/libraint/public_html/admin.librainternational.com.pe/vendor/laravel/framework/src/Illuminate/Pipeline/Pipeline.php(180): Illuminate\\Foundation\\Http\\Middleware\\TrimStrings->handle()
#19 /home/libraint/public_html/admin.librainternational.com.pe/vendor/laravel/framework/src/Illuminate/Foundation/Http/Middleware/ValidatePostSize.php(27): Illuminate\\Pipeline\\Pipeline->Illuminate\\Pipeline\\{closure}()
#20 /home/libraint/public_html/admin.librainternational.com.pe/vendor/laravel/framework/src/Illuminate/Pipeline/Pipeline.php(180): Illuminate\\Foundation\\Http\\Middleware\\ValidatePostSize->handle()
#21 /home/libraint/public_html/admin.librainternational.com.pe/vendor/laravel/framework/src/Illuminate/Foundation/Http/Middleware/PreventRequestsDuringMaintenance.php(86): Illuminate\\Pipeline\\Pipeline->Illuminate\\Pipeline\\{closure}()
#22 /home/libraint/public_html/admin.librainternational.com.pe/vendor/laravel/framework/src/Illuminate/Pipeline/Pipeline.php(180): Illuminate\\Foundation\\Http\\Middleware\\PreventRequestsDuringMaintenance->handle()
#23 /home/libraint/public_html/admin.librainternational.com.pe/vendor/laravel/framework/src/Illuminate/Http/Middleware/HandleCors.php(49): Illuminate\\Pipeline\\Pipeline->Illuminate\\Pipeline\\{closure}()
#24 /home/libraint/public_html/admin.librainternational.com.pe/vendor/laravel/framework/src/Illuminate/Pipeline/Pipeline.php(180): Illuminate\\Http\\Middleware\\HandleCors->handle()
#25 /home/libraint/public_html/admin.librainternational.com.pe/vendor/laravel/framework/src/Illuminate/Http/Middleware/TrustProxies.php(39): Illuminate\\Pipeline\\Pipeline->Illuminate\\Pipeline\\{closure}()
#26 /home/libraint/public_html/admin.librainternational.com.pe/vendor/laravel/framework/src/Illuminate/Pipeline/Pipeline.php(180): Illuminate\\Http\\Middleware\\TrustProxies->handle()
#27 /home/libraint/public_html/admin.librainternational.com.pe/vendor/laravel/framework/src/Illuminate/Pipeline/Pipeline.php(116): Illuminate\\Pipeline\\Pipeline->Illuminate\\Pipeline\\{closure}()
#28 /home/libraint/public_html/admin.librainternational.com.pe/vendor/laravel/framework/src/Illuminate/Foundation/Http/Kernel.php(165): Illuminate\\Pipeline\\Pipeline->then()
#29 /home/libraint/public_html/admin.librainternational.com.pe/vendor/laravel/framework/src/Illuminate/Foundation/Http/Kernel.php(134): Illuminate\\Foundation\\Http\\Kernel->sendRequestThroughRouter()
#30 /home/libraint/public_html/admin.librainternational.com.pe/public/index.php(52): Illuminate\\Foundation\\Http\\Kernel->handle()
#31 {main}
"} 
[2026-02-05 14:41:17] live.ERROR: syntax error, unexpected identifier "pagos" {"exception":"[object] (ParseError(code: 0): syntax error, unexpected identifier \"pagos\" at /home/libraint/public_html/admin.librainternational.com.pe/app/Http/Controllers/TransactionPaymentController.php:340)
[stacktrace]
#0 /home/libraint/public_html/admin.librainternational.com.pe/vendor/composer/ClassLoader.php(428): Composer\\Autoload\\includeFile()
#1 [internal function]: Composer\\Autoload\\ClassLoader->loadClass()
#2 /home/libraint/public_html/admin.librainternational.com.pe/vendor/laravel/framework/src/Illuminate/Routing/Route.php(1091): is_a()
#3 /home/libraint/public_html/admin.librainternational.com.pe/vendor/laravel/framework/src/Illuminate/Routing/Route.php(1030): Illuminate\\Routing\\Route->controllerMiddleware()
#4 /home/libraint/public_html/admin.librainternational.com.pe/vendor/laravel/framework/src/Illuminate/Routing/Router.php(810): Illuminate\\Routing\\Route->gatherMiddleware()
#5 /home/libraint/public_html/admin.librainternational.com.pe/vendor/laravel/framework/src/Illuminate/Routing/Router.php(792): Illuminate\\Routing\\Router->gatherRouteMiddleware()
#6 /home/libraint/public_html/admin.librainternational.com.pe/vendor/laravel/framework/src/Illuminate/Routing/Router.php(776): Illuminate\\Routing\\Router->runRouteWithinStack()
#7 /home/libraint/public_html/admin.librainternational.com.pe/vendor/laravel/framework/src/Illuminate/Routing/Router.php(740): Illuminate\\Routing\\Router->runRoute()
#8 /home/libraint/public_html/admin.librainternational.com.pe/vendor/laravel/framework/src/Illuminate/Routing/Router.php(729): Illuminate\\Routing\\Router->dispatchToRoute()
#9 /home/libraint/public_html/admin.librainternational.com.pe/vendor/laravel/framework/src/Illuminate/Foundation/Http/Kernel.php(190): Illuminate\\Routing\\Router->dispatch()
#10 /home/libraint/public_html/admin.librainternational.com.pe/vendor/laravel/framework/src/Illuminate/Pipeline/Pipeline.php(141): Illuminate\\Foundation\\Http\\Kernel->Illuminate\\Foundation\\Http\\{closure}()
#11 /home/libraint/public_html/admin.librainternational.com.pe/vendor/barryvdh/laravel-debugbar/src/Middleware/InjectDebugbar.php(59): Illuminate\\Pipeline\\Pipeline->Illuminate\\Pipeline\\{closure}()
#12 /home/libraint/public_html/admin.librainternational.com.pe/vendor/laravel/framework/src/Illuminate/Pipeline/Pipeline.php(180): Barryvdh\\Debugbar\\Middleware\\InjectDebugbar->handle()
#13 /home/libraint/public_html/admin.librainternational.com.pe/vendor/laravel/framework/src/Illuminate/Foundation/Http/Middleware/TransformsRequest.php(21): Illuminate\\Pipeline\\Pipeline->Illuminate\\Pipeline\\{closure}()
#14 /home/libraint/public_html/admin.librainternational.com.pe/vendor/laravel/framework/src/Illuminate/Foundation/Http/Middleware/ConvertEmptyStringsToNull.php(31): Illuminate\\Foundation\\Http\\Middleware\\TransformsRequest->handle()
#15 /home/libraint/public_html/admin.librainternational.com.pe/vendor/laravel/framework/src/Illuminate/Pipeline/Pipeline.php(180): Illuminate\\Foundation\\Http\\Middleware\\ConvertEmptyStringsToNull->handle()
#16 /home/libraint/public_html/admin.librainternational.com.pe/vendor/laravel/framework/src/Illuminate/Foundation/Http/Middleware/TransformsRequest.php(21): Illuminate\\Pipeline\\Pipeline->Illuminate\\Pipeline\\{closure}()
#17 /home/libraint/public_html/admin.librainternational.com.pe/vendor/laravel/framework/src/Illuminate/Foundation/Http/Middleware/TrimStrings.php(40): Illuminate\\Foundation\\Http\\Middleware\\TransformsRequest->handle()
#18 /home/libraint/public_html/admin.librainternational.com.pe/vendor/laravel/framework/src/Illuminate/Pipeline/Pipeline.php(180): Illuminate\\Foundation\\Http\\Middleware\\TrimStrings->handle()
#19 /home/libraint/public_html/admin.librainternational.com.pe/vendor/laravel/framework/src/Illuminate/Foundation/Http/Middleware/ValidatePostSize.php(27): Illuminate\\Pipeline\\Pipeline->Illuminate\\Pipeline\\{closure}()
#20 /home/libraint/public_html/admin.librainternational.com.pe/vendor/laravel/framework/src/Illuminate/Pipeline/Pipeline.php(180): Illuminate\\Foundation\\Http\\Middleware\\ValidatePostSize->handle()
#21 /home/libraint/public_html/admin.librainternational.com.pe/vendor/laravel/framework/src/Illuminate/Foundation/Http/Middleware/PreventRequestsDuringMaintenance.php(86): Illuminate\\Pipeline\\Pipeline->Illuminate\\Pipeline\\{closure}()
#22 /home/libraint/public_html/admin.librainternational.com.pe/vendor/laravel/framework/src/Illuminate/Pipeline/Pipeline.php(180): Illuminate\\Foundation\\Http\\Middleware\\PreventRequestsDuringMaintenance->handle()
#23 /home/libraint/public_html/admin.librainternational.com.pe/vendor/laravel/framework/src/Illuminate/Http/Middleware/HandleCors.php(49): Illuminate\\Pipeline\\Pipeline->Illuminate\\Pipeline\\{closure}()
#24 /home/libraint/public_html/admin.librainternational.com.pe/vendor/laravel/framework/src/Illuminate/Pipeline/Pipeline.php(180): Illuminate\\Http\\Middleware\\HandleCors->handle()
#25 /home/libraint/public_html/admin.librainternational.com.pe/vendor/laravel/framework/src/Illuminate/Http/Middleware/TrustProxies.php(39): Illuminate\\Pipeline\\Pipeline->Illuminate\\Pipeline\\{closure}()
#26 /home/libraint/public_html/admin.librainternational.com.pe/vendor/laravel/framework/src/Illuminate/Pipeline/Pipeline.php(180): Illuminate\\Http\\Middleware\\TrustProxies->handle()
#27 /home/libraint/public_html/admin.librainternational.com.pe/vendor/laravel/framework/src/Illuminate/Pipeline/Pipeline.php(116): Illuminate\\Pipeline\\Pipeline->Illuminate\\Pipeline\\{closure}()
#28 /home/libraint/public_html/admin.librainternational.com.pe/vendor/laravel/framework/src/Illuminate/Foundation/Http/Kernel.php(165): Illuminate\\Pipeline\\Pipeline->then()
#29 /home/libraint/public_html/admin.librainternational.com.pe/vendor/laravel/framework/src/Illuminate/Foundation/Http/Kernel.php(134): Illuminate\\Foundation\\Http\\Kernel->sendRequestThroughRouter()
#30 /home/libraint/public_html/admin.librainternational.com.pe/public/index.php(52): Illuminate\\Foundation\\Http\\Kernel->handle()
#31 {main}
"} 
[2026-02-05 14:41:46] live.ERROR: syntax error, unexpected identifier "pagos" {"exception":"[object] (ParseError(code: 0): syntax error, unexpected identifier \"pagos\" at /home/libraint/public_html/admin.librainternational.com.pe/app/Http/Controllers/TransactionPaymentController.php:340)
[stacktrace]
#0 /home/libraint/public_html/admin.librainternational.com.pe/vendor/composer/ClassLoader.php(428): Composer\\Autoload\\includeFile()
#1 [internal function]: Composer\\Autoload\\ClassLoader->loadClass()
#2 /home/libraint/public_html/admin.librainternational.com.pe/vendor/laravel/framework/src/Illuminate/Routing/Route.php(1091): is_a()
#3 /home/libraint/public_html/admin.librainternational.com.pe/vendor/laravel/framework/src/Illuminate/Routing/Route.php(1030): Illuminate\\Routing\\Route->controllerMiddleware()
#4 /home/libraint/public_html/admin.librainternational.com.pe/vendor/laravel/framework/src/Illuminate/Routing/Router.php(810): Illuminate\\Routing\\Route->gatherMiddleware()
#5 /home/libraint/public_html/admin.librainternational.com.pe/vendor/laravel/framework/src/Illuminate/Routing/Router.php(792): Illuminate\\Routing\\Router->gatherRouteMiddleware()
#6 /home/libraint/public_html/admin.librainternational.com.pe/vendor/laravel/framework/src/Illuminate/Routing/Router.php(776): Illuminate\\Routing\\Router->runRouteWithinStack()
#7 /home/libraint/public_html/admin.librainternational.com.pe/vendor/laravel/framework/src/Illuminate/Routing/Router.php(740): Illuminate\\Routing\\Router->runRoute()
#8 /home/libraint/public_html/admin.librainternational.com.pe/vendor/laravel/framework/src/Illuminate/Routing/Router.php(729): Illuminate\\Routing\\Router->dispatchToRoute()
#9 /home/libraint/public_html/admin.librainternational.com.pe/vendor/laravel/framework/src/Illuminate/Foundation/Http/Kernel.php(190): Illuminate\\Routing\\Router->dispatch()
#10 /home/libraint/public_html/admin.librainternational.com.pe/vendor/laravel/framework/src/Illuminate/Pipeline/Pipeline.php(141): Illuminate\\Foundation\\Http\\Kernel->Illuminate\\Foundation\\Http\\{closure}()
#11 /home/libraint/public_html/admin.librainternational.com.pe/vendor/barryvdh/laravel-debugbar/src/Middleware/InjectDebugbar.php(59): Illuminate\\Pipeline\\Pipeline->Illuminate\\Pipeline\\{closure}()
#12 /home/libraint/public_html/admin.librainternational.com.pe/vendor/laravel/framework/src/Illuminate/Pipeline/Pipeline.php(180): Barryvdh\\Debugbar\\Middleware\\InjectDebugbar->handle()
#13 /home/libraint/public_html/admin.librainternational.com.pe/vendor/laravel/framework/src/Illuminate/Foundation/Http/Middleware/TransformsRequest.php(21): Illuminate\\Pipeline\\Pipeline->Illuminate\\Pipeline\\{closure}()
#14 /home/libraint/public_html/admin.librainternational.com.pe/vendor/laravel/framework/src/Illuminate/Foundation/Http/Middleware/ConvertEmptyStringsToNull.php(31): Illuminate\\Foundation\\Http\\Middleware\\TransformsRequest->handle()
#15 /home/libraint/public_html/admin.librainternational.com.pe/vendor/laravel/framework/src/Illuminate/Pipeline/Pipeline.php(180): Illuminate\\Foundation\\Http\\Middleware\\ConvertEmptyStringsToNull->handle()
#16 /home/libraint/public_html/admin.librainternational.com.pe/vendor/laravel/framework/src/Illuminate/Foundation/Http/Middleware/TransformsRequest.php(21): Illuminate\\Pipeline\\Pipeline->Illuminate\\Pipeline\\{closure}()
#17 /home/libraint/public_html/admin.librainternational.com.pe/vendor/laravel/framework/src/Illuminate/Foundation/Http/Middleware/TrimStrings.php(40): Illuminate\\Foundation\\Http\\Middleware\\TransformsRequest->handle()
#18 /home/libraint/public_html/admin.librainternational.com.pe/vendor/laravel/framework/src/Illuminate/Pipeline/Pipeline.php(180): Illuminate\\Foundation\\Http\\Middleware\\TrimStrings->handle()
#19 /home/libraint/public_html/admin.librainternational.com.pe/vendor/laravel/framework/src/Illuminate/Foundation/Http/Middleware/ValidatePostSize.php(27): Illuminate\\Pipeline\\Pipeline->Illuminate\\Pipeline\\{closure}()
#20 /home/libraint/public_html/admin.librainternational.com.pe/vendor/laravel/framework/src/Illuminate/Pipeline/Pipeline.php(180): Illuminate\\Foundation\\Http\\Middleware\\ValidatePostSize->handle()
#21 /home/libraint/public_html/admin.librainternational.com.pe/vendor/laravel/framework/src/Illuminate/Foundation/Http/Middleware/PreventRequestsDuringMaintenance.php(86): Illuminate\\Pipeline\\Pipeline->Illuminate\\Pipeline\\{closure}()
#22 /home/libraint/public_html/admin.librainternational.com.pe/vendor/laravel/framework/src/Illuminate/Pipeline/Pipeline.php(180): Illuminate\\Foundation\\Http\\Middleware\\PreventRequestsDuringMaintenance->handle()
#23 /home/libraint/public_html/admin.librainternational.com.pe/vendor/laravel/framework/src/Illuminate/Http/Middleware/HandleCors.php(49): Illuminate\\Pipeline\\Pipeline->Illuminate\\Pipeline\\{closure}()
#24 /home/libraint/public_html/admin.librainternational.com.pe/vendor/laravel/framework/src/Illuminate/Pipeline/Pipeline.php(180): Illuminate\\Http\\Middleware\\HandleCors->handle()
#25 /home/libraint/public_html/admin.librainternational.com.pe/vendor/laravel/framework/src/Illuminate/Http/Middleware/TrustProxies.php(39): Illuminate\\Pipeline\\Pipeline->Illuminate\\Pipeline\\{closure}()
#26 /home/libraint/public_html/admin.librainternational.com.pe/vendor/laravel/framework/src/Illuminate/Pipeline/Pipeline.php(180): Illuminate\\Http\\Middleware\\TrustProxies->handle()
#27 /home/libraint/public_html/admin.librainternational.com.pe/vendor/laravel/framework/src/Illuminate/Pipeline/Pipeline.php(116): Illuminate\\Pipeline\\Pipeline->Illuminate\\Pipeline\\{closure}()
#28 /home/libraint/public_html/admin.librainternational.com.pe/vendor/laravel/framework/src/Illuminate/Foundation/Http/Kernel.php(165): Illuminate\\Pipeline\\Pipeline->then()
#29 /home/libraint/public_html/admin.librainternational.com.pe/vendor/laravel/framework/src/Illuminate/Foundation/Http/Kernel.php(134): Illuminate\\Foundation\\Http\\Kernel->sendRequestThroughRouter()
#30 /home/libraint/public_html/admin.librainternational.com.pe/public/index.php(52): Illuminate\\Foundation\\Http\\Kernel->handle()
#31 {main}
"} 
[2026-02-05 14:43:41] live.ERROR: syntax error, unexpected identifier "pagos" {"exception":"[object] (ParseError(code: 0): syntax error, unexpected identifier \"pagos\" at /home/libraint/public_html/admin.librainternational.com.pe/app/Http/Controllers/TransactionPaymentController.php:340)
[stacktrace]
#0 /home/libraint/public_html/admin.librainternational.com.pe/vendor/composer/ClassLoader.php(428): Composer\\Autoload\\includeFile()
#1 [internal function]: Composer\\Autoload\\ClassLoader->loadClass()
#2 /home/libraint/public_html/admin.librainternational.com.pe/vendor/laravel/framework/src/Illuminate/Routing/Route.php(1091): is_a()
#3 /home/libraint/public_html/admin.librainternational.com.pe/vendor/laravel/framework/src/Illuminate/Routing/Route.php(1030): Illuminate\\Routing\\Route->controllerMiddleware()
#4 /home/libraint/public_html/admin.librainternational.com.pe/vendor/laravel/framework/src/Illuminate/Routing/Router.php(810): Illuminate\\Routing\\Route->gatherMiddleware()
#5 /home/libraint/public_html/admin.librainternational.com.pe/vendor/laravel/framework/src/Illuminate/Routing/Router.php(792): Illuminate\\Routing\\Router->gatherRouteMiddleware()
#6 /home/libraint/public_html/admin.librainternational.com.pe/vendor/laravel/framework/src/Illuminate/Routing/Router.php(776): Illuminate\\Routing\\Router->runRouteWithinStack()
#7 /home/libraint/public_html/admin.librainternational.com.pe/vendor/laravel/framework/src/Illuminate/Routing/Router.php(740): Illuminate\\Routing\\Router->runRoute()
#8 /home/libraint/public_html/admin.librainternational.com.pe/vendor/laravel/framework/src/Illuminate/Routing/Router.php(729): Illuminate\\Routing\\Router->dispatchToRoute()
#9 /home/libraint/public_html/admin.librainternational.com.pe/vendor/laravel/framework/src/Illuminate/Foundation/Http/Kernel.php(190): Illuminate\\Routing\\Router->dispatch()
#10 /home/libraint/public_html/admin.librainternational.com.pe/vendor/laravel/framework/src/Illuminate/Pipeline/Pipeline.php(141): Illuminate\\Foundation\\Http\\Kernel->Illuminate\\Foundation\\Http\\{closure}()
#11 /home/libraint/public_html/admin.librainternational.com.pe/vendor/barryvdh/laravel-debugbar/src/Middleware/InjectDebugbar.php(59): Illuminate\\Pipeline\\Pipeline->Illuminate\\Pipeline\\{closure}()
#12 /home/libraint/public_html/admin.librainternational.com.pe/vendor/laravel/framework/src/Illuminate/Pipeline/Pipeline.php(180): Barryvdh\\Debugbar\\Middleware\\InjectDebugbar->handle()
#13 /home/libraint/public_html/admin.librainternational.com.pe/vendor/laravel/framework/src/Illuminate/Foundation/Http/Middleware/TransformsRequest.php(21): Illuminate\\Pipeline\\Pipeline->Illuminate\\Pipeline\\{closure}()
#14 /home/libraint/public_html/admin.librainternational.com.pe/vendor/laravel/framework/src/Illuminate/Foundation/Http/Middleware/ConvertEmptyStringsToNull.php(31): Illuminate\\Foundation\\Http\\Middleware\\TransformsRequest->handle()
#15 /home/libraint/public_html/admin.librainternational.com.pe/vendor/laravel/framework/src/Illuminate/Pipeline/Pipeline.php(180): Illuminate\\Foundation\\Http\\Middleware\\ConvertEmptyStringsToNull->handle()
#16 /home/libraint/public_html/admin.librainternational.com.pe/vendor/laravel/framework/src/Illuminate/Foundation/Http/Middleware/TransformsRequest.php(21): Illuminate\\Pipeline\\Pipeline->Illuminate\\Pipeline\\{closure}()
#17 /home/libraint/public_html/admin.librainternational.com.pe/vendor/laravel/framework/src/Illuminate/Foundation/Http/Middleware/TrimStrings.php(40): Illuminate\\Foundation\\Http\\Middleware\\TransformsRequest->handle()
#18 /home/libraint/public_html/admin.librainternational.com.pe/vendor/laravel/framework/src/Illuminate/Pipeline/Pipeline.php(180): Illuminate\\Foundation\\Http\\Middleware\\TrimStrings->handle()
#19 /home/libraint/public_html/admin.librainternational.com.pe/vendor/laravel/framework/src/Illuminate/Foundation/Http/Middleware/ValidatePostSize.php(27): Illuminate\\Pipeline\\Pipeline->Illuminate\\Pipeline\\{closure}()
#20 /home/libraint/public_html/admin.librainternational.com.pe/vendor/laravel/framework/src/Illuminate/Pipeline/Pipeline.php(180): Illuminate\\Foundation\\Http\\Middleware\\ValidatePostSize->handle()
#21 /home/libraint/public_html/admin.librainternational.com.pe/vendor/laravel/framework/src/Illuminate/Foundation/Http/Middleware/PreventRequestsDuringMaintenance.php(86): Illuminate\\Pipeline\\Pipeline->Illuminate\\Pipeline\\{closure}()
#22 /home/libraint/public_html/admin.librainternational.com.pe/vendor/laravel/framework/src/Illuminate/Pipeline/Pipeline.php(180): Illuminate\\Foundation\\Http\\Middleware\\PreventRequestsDuringMaintenance->handle()
#23 /home/libraint/public_html/admin.librainternational.com.pe/vendor/laravel/framework/src/Illuminate/Http/Middleware/HandleCors.php(49): Illuminate\\Pipeline\\Pipeline->Illuminate\\Pipeline\\{closure}()
#24 /home/libraint/public_html/admin.librainternational.com.pe/vendor/laravel/framework/src/Illuminate/Pipeline/Pipeline.php(180): Illuminate\\Http\\Middleware\\HandleCors->handle()
#25 /home/libraint/public_html/admin.librainternational.com.pe/vendor/laravel/framework/src/Illuminate/Http/Middleware/TrustProxies.php(39): Illuminate\\Pipeline\\Pipeline->Illuminate\\Pipeline\\{closure}()
#26 /home/libraint/public_html/admin.librainternational.com.pe/vendor/laravel/framework/src/Illuminate/Pipeline/Pipeline.php(180): Illuminate\\Http\\Middleware\\TrustProxies->handle()
#27 /home/libraint/public_html/admin.librainternational.com.pe/vendor/laravel/framework/src/Illuminate/Pipeline/Pipeline.php(116): Illuminate\\Pipeline\\Pipeline->Illuminate\\Pipeline\\{closure}()
#28 /home/libraint/public_html/admin.librainternational.com.pe/vendor/laravel/framework/src/Illuminate/Foundation/Http/Kernel.php(165): Illuminate\\Pipeline\\Pipeline->then()
#29 /home/libraint/public_html/admin.librainternational.com.pe/vendor/laravel/framework/src/Illuminate/Foundation/Http/Kernel.php(134): Illuminate\\Foundation\\Http\\Kernel->sendRequestThroughRouter()
#30 /home/libraint/public_html/admin.librainternational.com.pe/public/index.php(52): Illuminate\\Foundation\\Http\\Kernel->handle()
#31 {main}
"} 
[2026-02-05 15:14:11] live.EMERGENCY: File:/home/libraint/public_html/admin.librainternational.com.pe/vendor/laravel/framework/src/Illuminate/Database/Connection.phpLine:760Message:SQLSTATE[23000]: Integrity constraint violation: 1451 Cannot delete or update a parent row: a foreign key constraint fails (`libraint_erp`.`payment_applications`, CONSTRAINT `payment_applications_ibfk_2` FOREIGN KEY (`transaction_id`) REFERENCES `transactions` (`id`) ON DELETE RESTRICT ON UPDATE RESTRICT) (SQL: delete from `transactions` where `id` = 430)  
[2026-02-05 15:21:15] live.ERROR: SQLSTATE[42000] [1044] Access denied for user 'libraint_erp'@'localhost' to database 'libraint_bd' (SQL: select * from `system` where `key` = crm_version limit 1) {"exception":"[object] (Illuminate\\Database\\QueryException(code: 1044): SQLSTATE[42000] [1044] Access denied for user 'libraint_erp'@'localhost' to database 'libraint_bd' (SQL: select * from `system` where `key` = crm_version limit 1) at /home/libraint/public_html/admin.librainternational.com.pe/vendor/laravel/framework/src/Illuminate/Database/Connection.php:760)
[stacktrace]
#0 /home/libraint/public_html/admin.librainternational.com.pe/vendor/laravel/framework/src/Illuminate/Database/Connection.php(720): Illuminate\\Database\\Connection->runQueryCallback()
#1 /home/libraint/public_html/admin.librainternational.com.pe/vendor/laravel/framework/src/Illuminate/Database/Connection.php(422): Illuminate\\Database\\Connection->run()
#2 /home/libraint/public_html/admin.librainternational.com.pe/vendor/laravel/framework/src/Illuminate/Database/Query/Builder.php(2706): Illuminate\\Database\\Connection->select()
#3 /home/libraint/public_html/admin.librainternational.com.pe/vendor/laravel/framework/src/Illuminate/Database/Query/Builder.php(2694): Illuminate\\Database\\Query\\Builder->runSelect()
#4 /home/libraint/public_html/admin.librainternational.com.pe/vendor/laravel/framework/src/Illuminate/Database/Query/Builder.php(3230): Illuminate\\Database\\Query\\Builder->Illuminate\\Database\\Query\\{closure}()
#5 /home/libraint/public_html/admin.librainternational.com.pe/vendor/laravel/framework/src/Illuminate/Database/Query/Builder.php(2695): Illuminate\\Database\\Query\\Builder->onceWithColumns()
#6 /home/libraint/public_html/admin.librainternational.com.pe/vendor/laravel/framework/src/Illuminate/Database/Eloquent/Builder.php(710): Illuminate\\Database\\Query\\Builder->get()
#7 /home/libraint/public_html/admin.librainternational.com.pe/vendor/laravel/framework/src/Illuminate/Database/Eloquent/Builder.php(694): Illuminate\\Database\\Eloquent\\Builder->getModels()
#8 /home/libraint/public_html/admin.librainternational.com.pe/vendor/laravel/framework/src/Illuminate/Database/Concerns/BuildsQueries.php(296): Illuminate\\Database\\Eloquent\\Builder->get()
#9 /home/libraint/public_html/admin.librainternational.com.pe/app/System.php(39): Illuminate\\Database\\Eloquent\\Builder->first()
#10 /home/libraint/public_html/admin.librainternational.com.pe/app/Utils/ModuleUtil.php(28): App\\System::getProperty()
#11 /home/libraint/public_html/admin.librainternational.com.pe/Modules/Crm/Providers/CrmServiceProvider.php(172): App\\Utils\\ModuleUtil->isModuleInstalled()
#12 /home/libraint/public_html/admin.librainternational.com.pe/Modules/Crm/Providers/CrmServiceProvider.php(39): Modules\\Crm\\Providers\\CrmServiceProvider->registerScheduleCommands()
#13 /home/libraint/public_html/admin.librainternational.com.pe/vendor/laravel/framework/src/Illuminate/Container/BoundMethod.php(36): Modules\\Crm\\Providers\\CrmServiceProvider->boot()
#14 /home/libraint/public_html/admin.librainternational.com.pe/vendor/laravel/framework/src/Illuminate/Container/Util.php(41): Illuminate\\Container\\BoundMethod::Illuminate\\Container\\{closure}()
#15 /home/libraint/public_html/admin.librainternational.com.pe/vendor/laravel/framework/src/Illuminate/Container/BoundMethod.php(93): Illuminate\\Container\\Util::unwrapIfClosure()
#16 /home/libraint/public_html/admin.librainternational.com.pe/vendor/laravel/framework/src/Illuminate/Container/BoundMethod.php(37): Illuminate\\Container\\BoundMethod::callBoundMethod()
#17 /home/libraint/public_html/admin.librainternational.com.pe/vendor/laravel/framework/src/Illuminate/Container/Container.php(661): Illuminate\\Container\\BoundMethod::call()
#18 /home/libraint/public_html/admin.librainternational.com.pe/vendor/laravel/framework/src/Illuminate/Foundation/Application.php(929): Illuminate\\Container\\Container->call()
#19 /home/libraint/public_html/admin.librainternational.com.pe/vendor/laravel/framework/src/Illuminate/Foundation/Application.php(910): Illuminate\\Foundation\\Application->bootProvider()
#20 [internal function]: Illuminate\\Foundation\\Application->Illuminate\\Foundation\\{closure}()
#21 /home/libraint/public_html/admin.librainternational.com.pe/vendor/laravel/framework/src/Illuminate/Foundation/Application.php(911): array_walk()
#22 /home/libraint/public_html/admin.librainternational.com.pe/vendor/laravel/framework/src/Illuminate/Foundation/Bootstrap/BootProviders.php(17): Illuminate\\Foundation\\Application->boot()
#23 /home/libraint/public_html/admin.librainternational.com.pe/vendor/laravel/framework/src/Illuminate/Foundation/Application.php(242): Illuminate\\Foundation\\Bootstrap\\BootProviders->bootstrap()
#24 /home/libraint/public_html/admin.librainternational.com.pe/vendor/laravel/framework/src/Illuminate/Foundation/Http/Kernel.php(176): Illuminate\\Foundation\\Application->bootstrapWith()
#25 /home/libraint/public_html/admin.librainternational.com.pe/vendor/laravel/framework/src/Illuminate/Foundation/Http/Kernel.php(160): Illuminate\\Foundation\\Http\\Kernel->bootstrap()
#26 /home/libraint/public_html/admin.librainternational.com.pe/vendor/laravel/framework/src/Illuminate/Foundation/Http/Kernel.php(134): Illuminate\\Foundation\\Http\\Kernel->sendRequestThroughRouter()
#27 /home/libraint/public_html/admin.librainternational.com.pe/public/index.php(52): Illuminate\\Foundation\\Http\\Kernel->handle()
#28 {main}

[previous exception] [object] (PDOException(code: 1044): SQLSTATE[42000] [1044] Access denied for user 'libraint_erp'@'localhost' to database 'libraint_bd' at /home/libraint/public_html/admin.librainternational.com.pe/vendor/laravel/framework/src/Illuminate/Database/Connectors/Connector.php:70)
[stacktrace]
#0 /home/libraint/public_html/admin.librainternational.com.pe/vendor/laravel/framework/src/Illuminate/Database/Connectors/Connector.php(70): PDO->__construct()
#1 /home/libraint/public_html/admin.librainternational.com.pe/vendor/laravel/framework/src/Illuminate/Database/Connectors/Connector.php(46): Illuminate\\Database\\Connectors\\Connector->createPdoConnection()
#2 /home/libraint/public_html/admin.librainternational.com.pe/vendor/laravel/framework/src/Illuminate/Database/Connectors/MySqlConnector.php(24): Illuminate\\Database\\Connectors\\Connector->createConnection()
#3 /home/libraint/public_html/admin.librainternational.com.pe/vendor/laravel/framework/src/Illuminate/Database/Connectors/ConnectionFactory.php(184): Illuminate\\Database\\Connectors\\MySqlConnector->connect()
#4 [internal function]: Illuminate\\Database\\Connectors\\ConnectionFactory->Illuminate\\Database\\Connectors\\{closure}()
#5 /home/libraint/public_html/admin.librainternational.com.pe/vendor/laravel/framework/src/Illuminate/Database/Connection.php(1181): call_user_func()
#6 /home/libraint/public_html/admin.librainternational.com.pe/vendor/laravel/framework/src/Illuminate/Database/Connection.php(1217): Illuminate\\Database\\Connection->getPdo()
#7 /home/libraint/public_html/admin.librainternational.com.pe/vendor/laravel/framework/src/Illuminate/Database/Connection.php(486): Illuminate\\Database\\Connection->getReadPdo()
#8 /home/libraint/public_html/admin.librainternational.com.pe/vendor/laravel/framework/src/Illuminate/Database/Connection.php(414): Illuminate\\Database\\Connection->getPdoForSelect()
#9 /home/libraint/public_html/admin.librainternational.com.pe/vendor/laravel/framework/src/Illuminate/Database/Connection.php(753): Illuminate\\Database\\Connection->Illuminate\\Database\\{closure}()
#10 /home/libraint/public_html/admin.librainternational.com.pe/vendor/laravel/framework/src/Illuminate/Database/Connection.php(720): Illuminate\\Database\\Connection->runQueryCallback()
#11 /home/libraint/public_html/admin.librainternational.com.pe/vendor/laravel/framework/src/Illuminate/Database/Connection.php(422): Illuminate\\Database\\Connection->run()
#12 /home/libraint/public_html/admin.librainternational.com.pe/vendor/laravel/framework/src/Illuminate/Database/Query/Builder.php(2706): Illuminate\\Database\\Connection->select()
#13 /home/libraint/public_html/admin.librainternational.com.pe/vendor/laravel/framework/src/Illuminate/Database/Query/Builder.php(2694): Illuminate\\Database\\Query\\Builder->runSelect()
#14 /home/libraint/public_html/admin.librainternational.com.pe/vendor/laravel/framework/src/Illuminate/Database/Query/Builder.php(3230): Illuminate\\Database\\Query\\Builder->Illuminate\\Database\\Query\\{closure}()
#15 /home/libraint/public_html/admin.librainternational.com.pe/vendor/laravel/framework/src/Illuminate/Database/Query/Builder.php(2695): Illuminate\\Database\\Query\\Builder->onceWithColumns()
#16 /home/libraint/public_html/admin.librainternational.com.pe/vendor/laravel/framework/src/Illuminate/Database/Eloquent/Builder.php(710): Illuminate\\Database\\Query\\Builder->get()
#17 /home/libraint/public_html/admin.librainternational.com.pe/vendor/laravel/framework/src/Illuminate/Database/Eloquent/Builder.php(694): Illuminate\\Database\\Eloquent\\Builder->getModels()
#18 /home/libraint/public_html/admin.librainternational.com.pe/vendor/laravel/framework/src/Illuminate/Database/Concerns/BuildsQueries.php(296): Illuminate\\Database\\Eloquent\\Builder->get()
#19 /home/libraint/public_html/admin.librainternational.com.pe/app/System.php(39): Illuminate\\Database\\Eloquent\\Builder->first()
#20 /home/libraint/public_html/admin.librainternational.com.pe/app/Utils/ModuleUtil.php(28): App\\System::getProperty()
#21 /home/libraint/public_html/admin.librainternational.com.pe/Modules/Crm/Providers/CrmServiceProvider.php(172): App\\Utils\\ModuleUtil->isModuleInstalled()
#22 /home/libraint/public_html/admin.librainternational.com.pe/Modules/Crm/Providers/CrmServiceProvider.php(39): Modules\\Crm\\Providers\\CrmServiceProvider->registerScheduleCommands()
#23 /home/libraint/public_html/admin.librainternational.com.pe/vendor/laravel/framework/src/Illuminate/Container/BoundMethod.php(36): Modules\\Crm\\Providers\\CrmServiceProvider->boot()
#24 /home/libraint/public_html/admin.librainternational.com.pe/vendor/laravel/framework/src/Illuminate/Container/Util.php(41): Illuminate\\Container\\BoundMethod::Illuminate\\Container\\{closure}()
#25 /home/libraint/public_html/admin.librainternational.com.pe/vendor/laravel/framework/src/Illuminate/Container/BoundMethod.php(93): Illuminate\\Container\\Util::unwrapIfClosure()
#26 /home/libraint/public_html/admin.librainternational.com.pe/vendor/laravel/framework/src/Illuminate/Container/BoundMethod.php(37): Illuminate\\Container\\BoundMethod::callBoundMethod()
#27 /home/libraint/public_html/admin.librainternational.com.pe/vendor/laravel/framework/src/Illuminate/Container/Container.php(661): Illuminate\\Container\\BoundMethod::call()
#28 /home/libraint/public_html/admin.librainternational.com.pe/vendor/laravel/framework/src/Illuminate/Foundation/Application.php(929): Illuminate\\Container\\Container->call()
#29 /home/libraint/public_html/admin.librainternational.com.pe/vendor/laravel/framework/src/Illuminate/Foundation/Application.php(910): Illuminate\\Foundation\\Application->bootProvider()
#30 [internal function]: Illuminate\\Foundation\\Application->Illuminate\\Foundation\\{closure}()
#31 /home/libraint/public_html/admin.librainternational.com.pe/vendor/laravel/framework/src/Illuminate/Foundation/Application.php(911): array_walk()
#32 /home/libraint/public_html/admin.librainternational.com.pe/vendor/laravel/framework/src/Illuminate/Foundation/Bootstrap/BootProviders.php(17): Illuminate\\Foundation\\Application->boot()
#33 /home/libraint/public_html/admin.librainternational.com.pe/vendor/laravel/framework/src/Illuminate/Foundation/Application.php(242): Illuminate\\Foundation\\Bootstrap\\BootProviders->bootstrap()
#34 /home/libraint/public_html/admin.librainternational.com.pe/vendor/laravel/framework/src/Illuminate/Foundation/Http/Kernel.php(176): Illuminate\\Foundation\\Application->bootstrapWith()
#35 /home/libraint/public_html/admin.librainternational.com.pe/vendor/laravel/framework/src/Illuminate/Foundation/Http/Kernel.php(160): Illuminate\\Foundation\\Http\\Kernel->bootstrap()
#36 /home/libraint/public_html/admin.librainternational.com.pe/vendor/laravel/framework/src/Illuminate/Foundation/Http/Kernel.php(134): Illuminate\\Foundation\\Http\\Kernel->sendRequestThroughRouter()
#37 /home/libraint/public_html/admin.librainternational.com.pe/public/index.php(52): Illuminate\\Foundation\\Http\\Kernel->handle()
#38 {main}
"} 
[2026-02-05 15:21:18] live.ERROR: SQLSTATE[42000] [1044] Access denied for user 'libraint_erp'@'localhost' to database 'libraint_bd' (SQL: select * from `system` where `key` = crm_version limit 1) {"exception":"[object] (Illuminate\\Database\\QueryException(code: 1044): SQLSTATE[42000] [1044] Access denied for user 'libraint_erp'@'localhost' to database 'libraint_bd' (SQL: select * from `system` where `key` = crm_version limit 1) at /home/libraint/public_html/admin.librainternational.com.pe/vendor/laravel/framework/src/Illuminate/Database/Connection.php:760)
[stacktrace]
#0 /home/libraint/public_html/admin.librainternational.com.pe/vendor/laravel/framework/src/Illuminate/Database/Connection.php(720): Illuminate\\Database\\Connection->runQueryCallback()
#1 /home/libraint/public_html/admin.librainternational.com.pe/vendor/laravel/framework/src/Illuminate/Database/Connection.php(422): Illuminate\\Database\\Connection->run()
#2 /home/libraint/public_html/admin.librainternational.com.pe/vendor/laravel/framework/src/Illuminate/Database/Query/Builder.php(2706): Illuminate\\Database\\Connection->select()
#3 /home/libraint/public_html/admin.librainternational.com.pe/vendor/laravel/framework/src/Illuminate/Database/Query/Builder.php(2694): Illuminate\\Database\\Query\\Builder->runSelect()
#4 /home/libraint/public_html/admin.librainternational.com.pe/vendor/laravel/framework/src/Illuminate/Database/Query/Builder.php(3230): Illuminate\\Database\\Query\\Builder->Illuminate\\Database\\Query\\{closure}()
#5 /home/libraint/public_html/admin.librainternational.com.pe/vendor/laravel/framework/src/Illuminate/Database/Query/Builder.php(2695): Illuminate\\Database\\Query\\Builder->onceWithColumns()
#6 /home/libraint/public_html/admin.librainternational.com.pe/vendor/laravel/framework/src/Illuminate/Database/Eloquent/Builder.php(710): Illuminate\\Database\\Query\\Builder->get()
#7 /home/libraint/public_html/admin.librainternational.com.pe/vendor/laravel/framework/src/Illuminate/Database/Eloquent/Builder.php(694): Illuminate\\Database\\Eloquent\\Builder->getModels()
#8 /home/libraint/public_html/admin.librainternational.com.pe/vendor/laravel/framework/src/Illuminate/Database/Concerns/BuildsQueries.php(296): Illuminate\\Database\\Eloquent\\Builder->get()
#9 /home/libraint/public_html/admin.librainternational.com.pe/app/System.php(39): Illuminate\\Database\\Eloquent\\Builder->first()
#10 /home/libraint/public_html/admin.librainternational.com.pe/app/Utils/ModuleUtil.php(28): App\\System::getProperty()
#11 /home/libraint/public_html/admin.librainternational.com.pe/Modules/Crm/Providers/CrmServiceProvider.php(172): App\\Utils\\ModuleUtil->isModuleInstalled()
#12 /home/libraint/public_html/admin.librainternational.com.pe/Modules/Crm/Providers/CrmServiceProvider.php(39): Modules\\Crm\\Providers\\CrmServiceProvider->registerScheduleCommands()
#13 /home/libraint/public_html/admin.librainternational.com.pe/vendor/laravel/framework/src/Illuminate/Container/BoundMethod.php(36): Modules\\Crm\\Providers\\CrmServiceProvider->boot()
#14 /home/libraint/public_html/admin.librainternational.com.pe/vendor/laravel/framework/src/Illuminate/Container/Util.php(41): Illuminate\\Container\\BoundMethod::Illuminate\\Container\\{closure}()
#15 /home/libraint/public_html/admin.librainternational.com.pe/vendor/laravel/framework/src/Illuminate/Container/BoundMethod.php(93): Illuminate\\Container\\Util::unwrapIfClosure()
#16 /home/libraint/public_html/admin.librainternational.com.pe/vendor/laravel/framework/src/Illuminate/Container/BoundMethod.php(37): Illuminate\\Container\\BoundMethod::callBoundMethod()
#17 /home/libraint/public_html/admin.librainternational.com.pe/vendor/laravel/framework/src/Illuminate/Container/Container.php(661): Illuminate\\Container\\BoundMethod::call()
#18 /home/libraint/public_html/admin.librainternational.com.pe/vendor/laravel/framework/src/Illuminate/Foundation/Application.php(929): Illuminate\\Container\\Container->call()
#19 /home/libraint/public_html/admin.librainternational.com.pe/vendor/laravel/framework/src/Illuminate/Foundation/Application.php(910): Illuminate\\Foundation\\Application->bootProvider()
#20 [internal function]: Illuminate\\Foundation\\Application->Illuminate\\Foundation\\{closure}()
#21 /home/libraint/public_html/admin.librainternational.com.pe/vendor/laravel/framework/src/Illuminate/Foundation/Application.php(911): array_walk()
#22 /home/libraint/public_html/admin.librainternational.com.pe/vendor/laravel/framework/src/Illuminate/Foundation/Bootstrap/BootProviders.php(17): Illuminate\\Foundation\\Application->boot()
#23 /home/libraint/public_html/admin.librainternational.com.pe/vendor/laravel/framework/src/Illuminate/Foundation/Application.php(242): Illuminate\\Foundation\\Bootstrap\\BootProviders->bootstrap()
#24 /home/libraint/public_html/admin.librainternational.com.pe/vendor/laravel/framework/src/Illuminate/Foundation/Http/Kernel.php(176): Illuminate\\Foundation\\Application->bootstrapWith()
#25 /home/libraint/public_html/admin.librainternational.com.pe/vendor/laravel/framework/src/Illuminate/Foundation/Http/Kernel.php(160): Illuminate\\Foundation\\Http\\Kernel->bootstrap()
#26 /home/libraint/public_html/admin.librainternational.com.pe/vendor/laravel/framework/src/Illuminate/Foundation/Http/Kernel.php(134): Illuminate\\Foundation\\Http\\Kernel->sendRequestThroughRouter()
#27 /home/libraint/public_html/admin.librainternational.com.pe/public/index.php(52): Illuminate\\Foundation\\Http\\Kernel->handle()
#28 {main}

[previous exception] [object] (PDOException(code: 1044): SQLSTATE[42000] [1044] Access denied for user 'libraint_erp'@'localhost' to database 'libraint_bd' at /home/libraint/public_html/admin.librainternational.com.pe/vendor/laravel/framework/src/Illuminate/Database/Connectors/Connector.php:70)
[stacktrace]
#0 /home/libraint/public_html/admin.librainternational.com.pe/vendor/laravel/framework/src/Illuminate/Database/Connectors/Connector.php(70): PDO->__construct()
#1 /home/libraint/public_html/admin.librainternational.com.pe/vendor/laravel/framework/src/Illuminate/Database/Connectors/Connector.php(46): Illuminate\\Database\\Connectors\\Connector->createPdoConnection()
#2 /home/libraint/public_html/admin.librainternational.com.pe/vendor/laravel/framework/src/Illuminate/Database/Connectors/MySqlConnector.php(24): Illuminate\\Database\\Connectors\\Connector->createConnection()
#3 /home/libraint/public_html/admin.librainternational.com.pe/vendor/laravel/framework/src/Illuminate/Database/Connectors/ConnectionFactory.php(184): Illuminate\\Database\\Connectors\\MySqlConnector->connect()
#4 [internal function]: Illuminate\\Database\\Connectors\\ConnectionFactory->Illuminate\\Database\\Connectors\\{closure}()
#5 /home/libraint/public_html/admin.librainternational.com.pe/vendor/laravel/framework/src/Illuminate/Database/Connection.php(1181): call_user_func()
#6 /home/libraint/public_html/admin.librainternational.com.pe/vendor/laravel/framework/src/Illuminate/Database/Connection.php(1217): Illuminate\\Database\\Connection->getPdo()
#7 /home/libraint/public_html/admin.librainternational.com.pe/vendor/laravel/framework/src/Illuminate/Database/Connection.php(486): Illuminate\\Database\\Connection->getReadPdo()
#8 /home/libraint/public_html/admin.librainternational.com.pe/vendor/laravel/framework/src/Illuminate/Database/Connection.php(414): Illuminate\\Database\\Connection->getPdoForSelect()
#9 /home/libraint/public_html/admin.librainternational.com.pe/vendor/laravel/framework/src/Illuminate/Database/Connection.php(753): Illuminate\\Database\\Connection->Illuminate\\Database\\{closure}()
#10 /home/libraint/public_html/admin.librainternational.com.pe/vendor/laravel/framework/src/Illuminate/Database/Connection.php(720): Illuminate\\Database\\Connection->runQueryCallback()
#11 /home/libraint/public_html/admin.librainternational.com.pe/vendor/laravel/framework/src/Illuminate/Database/Connection.php(422): Illuminate\\Database\\Connection->run()
#12 /home/libraint/public_html/admin.librainternational.com.pe/vendor/laravel/framework/src/Illuminate/Database/Query/Builder.php(2706): Illuminate\\Database\\Connection->select()
#13 /home/libraint/public_html/admin.librainternational.com.pe/vendor/laravel/framework/src/Illuminate/Database/Query/Builder.php(2694): Illuminate\\Database\\Query\\Builder->runSelect()
#14 /home/libraint/public_html/admin.librainternational.com.pe/vendor/laravel/framework/src/Illuminate/Database/Query/Builder.php(3230): Illuminate\\Database\\Query\\Builder->Illuminate\\Database\\Query\\{closure}()
#15 /home/libraint/public_html/admin.librainternational.com.pe/vendor/laravel/framework/src/Illuminate/Database/Query/Builder.php(2695): Illuminate\\Database\\Query\\Builder->onceWithColumns()
#16 /home/libraint/public_html/admin.librainternational.com.pe/vendor/laravel/framework/src/Illuminate/Database/Eloquent/Builder.php(710): Illuminate\\Database\\Query\\Builder->get()
#17 /home/libraint/public_html/admin.librainternational.com.pe/vendor/laravel/framework/src/Illuminate/Database/Eloquent/Builder.php(694): Illuminate\\Database\\Eloquent\\Builder->getModels()
#18 /home/libraint/public_html/admin.librainternational.com.pe/vendor/laravel/framework/src/Illuminate/Database/Concerns/BuildsQueries.php(296): Illuminate\\Database\\Eloquent\\Builder->get()
#19 /home/libraint/public_html/admin.librainternational.com.pe/app/System.php(39): Illuminate\\Database\\Eloquent\\Builder->first()
#20 /home/libraint/public_html/admin.librainternational.com.pe/app/Utils/ModuleUtil.php(28): App\\System::getProperty()
#21 /home/libraint/public_html/admin.librainternational.com.pe/Modules/Crm/Providers/CrmServiceProvider.php(172): App\\Utils\\ModuleUtil->isModuleInstalled()
#22 /home/libraint/public_html/admin.librainternational.com.pe/Modules/Crm/Providers/CrmServiceProvider.php(39): Modules\\Crm\\Providers\\CrmServiceProvider->registerScheduleCommands()
#23 /home/libraint/public_html/admin.librainternational.com.pe/vendor/laravel/framework/src/Illuminate/Container/BoundMethod.php(36): Modules\\Crm\\Providers\\CrmServiceProvider->boot()
#24 /home/libraint/public_html/admin.librainternational.com.pe/vendor/laravel/framework/src/Illuminate/Container/Util.php(41): Illuminate\\Container\\BoundMethod::Illuminate\\Container\\{closure}()
#25 /home/libraint/public_html/admin.librainternational.com.pe/vendor/laravel/framework/src/Illuminate/Container/BoundMethod.php(93): Illuminate\\Container\\Util::unwrapIfClosure()
#26 /home/libraint/public_html/admin.librainternational.com.pe/vendor/laravel/framework/src/Illuminate/Container/BoundMethod.php(37): Illuminate\\Container\\BoundMethod::callBoundMethod()
#27 /home/libraint/public_html/admin.librainternational.com.pe/vendor/laravel/framework/src/Illuminate/Container/Container.php(661): Illuminate\\Container\\BoundMethod::call()
#28 /home/libraint/public_html/admin.librainternational.com.pe/vendor/laravel/framework/src/Illuminate/Foundation/Application.php(929): Illuminate\\Container\\Container->call()
#29 /home/libraint/public_html/admin.librainternational.com.pe/vendor/laravel/framework/src/Illuminate/Foundation/Application.php(910): Illuminate\\Foundation\\Application->bootProvider()
#30 [internal function]: Illuminate\\Foundation\\Application->Illuminate\\Foundation\\{closure}()
#31 /home/libraint/public_html/admin.librainternational.com.pe/vendor/laravel/framework/src/Illuminate/Foundation/Application.php(911): array_walk()
#32 /home/libraint/public_html/admin.librainternational.com.pe/vendor/laravel/framework/src/Illuminate/Foundation/Bootstrap/BootProviders.php(17): Illuminate\\Foundation\\Application->boot()
#33 /home/libraint/public_html/admin.librainternational.com.pe/vendor/laravel/framework/src/Illuminate/Foundation/Application.php(242): Illuminate\\Foundation\\Bootstrap\\BootProviders->bootstrap()
#34 /home/libraint/public_html/admin.librainternational.com.pe/vendor/laravel/framework/src/Illuminate/Foundation/Http/Kernel.php(176): Illuminate\\Foundation\\Application->bootstrapWith()
#35 /home/libraint/public_html/admin.librainternational.com.pe/vendor/laravel/framework/src/Illuminate/Foundation/Http/Kernel.php(160): Illuminate\\Foundation\\Http\\Kernel->bootstrap()
#36 /home/libraint/public_html/admin.librainternational.com.pe/vendor/laravel/framework/src/Illuminate/Foundation/Http/Kernel.php(134): Illuminate\\Foundation\\Http\\Kernel->sendRequestThroughRouter()
#37 /home/libraint/public_html/admin.librainternational.com.pe/public/index.php(52): Illuminate\\Foundation\\Http\\Kernel->handle()
#38 {main}
"} 
[2026-02-05 15:21:23] live.ERROR: SQLSTATE[42000] [1044] Access denied for user 'libraint_erp'@'localhost' to database 'libraint_bd' (SQL: select * from `system` where `key` = crm_version limit 1) {"exception":"[object] (Illuminate\\Database\\QueryException(code: 1044): SQLSTATE[42000] [1044] Access denied for user 'libraint_erp'@'localhost' to database 'libraint_bd' (SQL: select * from `system` where `key` = crm_version limit 1) at /home/libraint/public_html/admin.librainternational.com.pe/vendor/laravel/framework/src/Illuminate/Database/Connection.php:760)
[stacktrace]
#0 /home/libraint/public_html/admin.librainternational.com.pe/vendor/laravel/framework/src/Illuminate/Database/Connection.php(720): Illuminate\\Database\\Connection->runQueryCallback()
#1 /home/libraint/public_html/admin.librainternational.com.pe/vendor/laravel/framework/src/Illuminate/Database/Connection.php(422): Illuminate\\Database\\Connection->run()
#2 /home/libraint/public_html/admin.librainternational.com.pe/vendor/laravel/framework/src/Illuminate/Database/Query/Builder.php(2706): Illuminate\\Database\\Connection->select()
#3 /home/libraint/public_html/admin.librainternational.com.pe/vendor/laravel/framework/src/Illuminate/Database/Query/Builder.php(2694): Illuminate\\Database\\Query\\Builder->runSelect()
#4 /home/libraint/public_html/admin.librainternational.com.pe/vendor/laravel/framework/src/Illuminate/Database/Query/Builder.php(3230): Illuminate\\Database\\Query\\Builder->Illuminate\\Database\\Query\\{closure}()
#5 /home/libraint/public_html/admin.librainternational.com.pe/vendor/laravel/framework/src/Illuminate/Database/Query/Builder.php(2695): Illuminate\\Database\\Query\\Builder->onceWithColumns()
#6 /home/libraint/public_html/admin.librainternational.com.pe/vendor/laravel/framework/src/Illuminate/Database/Eloquent/Builder.php(710): Illuminate\\Database\\Query\\Builder->get()
#7 /home/libraint/public_html/admin.librainternational.com.pe/vendor/laravel/framework/src/Illuminate/Database/Eloquent/Builder.php(694): Illuminate\\Database\\Eloquent\\Builder->getModels()
#8 /home/libraint/public_html/admin.librainternational.com.pe/vendor/laravel/framework/src/Illuminate/Database/Concerns/BuildsQueries.php(296): Illuminate\\Database\\Eloquent\\Builder->get()
#9 /home/libraint/public_html/admin.librainternational.com.pe/app/System.php(39): Illuminate\\Database\\Eloquent\\Builder->first()
#10 /home/libraint/public_html/admin.librainternational.com.pe/app/Utils/ModuleUtil.php(28): App\\System::getProperty()
#11 /home/libraint/public_html/admin.librainternational.com.pe/Modules/Crm/Providers/CrmServiceProvider.php(172): App\\Utils\\ModuleUtil->isModuleInstalled()
#12 /home/libraint/public_html/admin.librainternational.com.pe/Modules/Crm/Providers/CrmServiceProvider.php(39): Modules\\Crm\\Providers\\CrmServiceProvider->registerScheduleCommands()
#13 /home/libraint/public_html/admin.librainternational.com.pe/vendor/laravel/framework/src/Illuminate/Container/BoundMethod.php(36): Modules\\Crm\\Providers\\CrmServiceProvider->boot()
#14 /home/libraint/public_html/admin.librainternational.com.pe/vendor/laravel/framework/src/Illuminate/Container/Util.php(41): Illuminate\\Container\\BoundMethod::Illuminate\\Container\\{closure}()
#15 /home/libraint/public_html/admin.librainternational.com.pe/vendor/laravel/framework/src/Illuminate/Container/BoundMethod.php(93): Illuminate\\Container\\Util::unwrapIfClosure()
#16 /home/libraint/public_html/admin.librainternational.com.pe/vendor/laravel/framework/src/Illuminate/Container/BoundMethod.php(37): Illuminate\\Container\\BoundMethod::callBoundMethod()
#17 /home/libraint/public_html/admin.librainternational.com.pe/vendor/laravel/framework/src/Illuminate/Container/Container.php(661): Illuminate\\Container\\BoundMethod::call()
#18 /home/libraint/public_html/admin.librainternational.com.pe/vendor/laravel/framework/src/Illuminate/Foundation/Application.php(929): Illuminate\\Container\\Container->call()
#19 /home/libraint/public_html/admin.librainternational.com.pe/vendor/laravel/framework/src/Illuminate/Foundation/Application.php(910): Illuminate\\Foundation\\Application->bootProvider()
#20 [internal function]: Illuminate\\Foundation\\Application->Illuminate\\Foundation\\{closure}()
#21 /home/libraint/public_html/admin.librainternational.com.pe/vendor/laravel/framework/src/Illuminate/Foundation/Application.php(911): array_walk()
#22 /home/libraint/public_html/admin.librainternational.com.pe/vendor/laravel/framework/src/Illuminate/Foundation/Bootstrap/BootProviders.php(17): Illuminate\\Foundation\\Application->boot()
#23 /home/libraint/public_html/admin.librainternational.com.pe/vendor/laravel/framework/src/Illuminate/Foundation/Application.php(242): Illuminate\\Foundation\\Bootstrap\\BootProviders->bootstrap()
#24 /home/libraint/public_html/admin.librainternational.com.pe/vendor/laravel/framework/src/Illuminate/Foundation/Http/Kernel.php(176): Illuminate\\Foundation\\Application->bootstrapWith()
#25 /home/libraint/public_html/admin.librainternational.com.pe/vendor/laravel/framework/src/Illuminate/Foundation/Http/Kernel.php(160): Illuminate\\Foundation\\Http\\Kernel->bootstrap()
#26 /home/libraint/public_html/admin.librainternational.com.pe/vendor/laravel/framework/src/Illuminate/Foundation/Http/Kernel.php(134): Illuminate\\Foundation\\Http\\Kernel->sendRequestThroughRouter()
#27 /home/libraint/public_html/admin.librainternational.com.pe/public/index.php(52): Illuminate\\Foundation\\Http\\Kernel->handle()
#28 {main}

[previous exception] [object] (PDOException(code: 1044): SQLSTATE[42000] [1044] Access denied for user 'libraint_erp'@'localhost' to database 'libraint_bd' at /home/libraint/public_html/admin.librainternational.com.pe/vendor/laravel/framework/src/Illuminate/Database/Connectors/Connector.php:70)
[stacktrace]
#0 /home/libraint/public_html/admin.librainternational.com.pe/vendor/laravel/framework/src/Illuminate/Database/Connectors/Connector.php(70): PDO->__construct()
#1 /home/libraint/public_html/admin.librainternational.com.pe/vendor/laravel/framework/src/Illuminate/Database/Connectors/Connector.php(46): Illuminate\\Database\\Connectors\\Connector->createPdoConnection()
#2 /home/libraint/public_html/admin.librainternational.com.pe/vendor/laravel/framework/src/Illuminate/Database/Connectors/MySqlConnector.php(24): Illuminate\\Database\\Connectors\\Connector->createConnection()
#3 /home/libraint/public_html/admin.librainternational.com.pe/vendor/laravel/framework/src/Illuminate/Database/Connectors/ConnectionFactory.php(184): Illuminate\\Database\\Connectors\\MySqlConnector->connect()
#4 [internal function]: Illuminate\\Database\\Connectors\\ConnectionFactory->Illuminate\\Database\\Connectors\\{closure}()
#5 /home/libraint/public_html/admin.librainternational.com.pe/vendor/laravel/framework/src/Illuminate/Database/Connection.php(1181): call_user_func()
#6 /home/libraint/public_html/admin.librainternational.com.pe/vendor/laravel/framework/src/Illuminate/Database/Connection.php(1217): Illuminate\\Database\\Connection->getPdo()
#7 /home/libraint/public_html/admin.librainternational.com.pe/vendor/laravel/framework/src/Illuminate/Database/Connection.php(486): Illuminate\\Database\\Connection->getReadPdo()
#8 /home/libraint/public_html/admin.librainternational.com.pe/vendor/laravel/framework/src/Illuminate/Database/Connection.php(414): Illuminate\\Database\\Connection->getPdoForSelect()
#9 /home/libraint/public_html/admin.librainternational.com.pe/vendor/laravel/framework/src/Illuminate/Database/Connection.php(753): Illuminate\\Database\\Connection->Illuminate\\Database\\{closure}()
#10 /home/libraint/public_html/admin.librainternational.com.pe/vendor/laravel/framework/src/Illuminate/Database/Connection.php(720): Illuminate\\Database\\Connection->runQueryCallback()
#11 /home/libraint/public_html/admin.librainternational.com.pe/vendor/laravel/framework/src/Illuminate/Database/Connection.php(422): Illuminate\\Database\\Connection->run()
#12 /home/libraint/public_html/admin.librainternational.com.pe/vendor/laravel/framework/src/Illuminate/Database/Query/Builder.php(2706): Illuminate\\Database\\Connection->select()
#13 /home/libraint/public_html/admin.librainternational.com.pe/vendor/laravel/framework/src/Illuminate/Database/Query/Builder.php(2694): Illuminate\\Database\\Query\\Builder->runSelect()
#14 /home/libraint/public_html/admin.librainternational.com.pe/vendor/laravel/framework/src/Illuminate/Database/Query/Builder.php(3230): Illuminate\\Database\\Query\\Builder->Illuminate\\Database\\Query\\{closure}()
#15 /home/libraint/public_html/admin.librainternational.com.pe/vendor/laravel/framework/src/Illuminate/Database/Query/Builder.php(2695): Illuminate\\Database\\Query\\Builder->onceWithColumns()
#16 /home/libraint/public_html/admin.librainternational.com.pe/vendor/laravel/framework/src/Illuminate/Database/Eloquent/Builder.php(710): Illuminate\\Database\\Query\\Builder->get()
#17 /home/libraint/public_html/admin.librainternational.com.pe/vendor/laravel/framework/src/Illuminate/Database/Eloquent/Builder.php(694): Illuminate\\Database\\Eloquent\\Builder->getModels()
#18 /home/libraint/public_html/admin.librainternational.com.pe/vendor/laravel/framework/src/Illuminate/Database/Concerns/BuildsQueries.php(296): Illuminate\\Database\\Eloquent\\Builder->get()
#19 /home/libraint/public_html/admin.librainternational.com.pe/app/System.php(39): Illuminate\\Database\\Eloquent\\Builder->first()
#20 /home/libraint/public_html/admin.librainternational.com.pe/app/Utils/ModuleUtil.php(28): App\\System::getProperty()
#21 /home/libraint/public_html/admin.librainternational.com.pe/Modules/Crm/Providers/CrmServiceProvider.php(172): App\\Utils\\ModuleUtil->isModuleInstalled()
#22 /home/libraint/public_html/admin.librainternational.com.pe/Modules/Crm/Providers/CrmServiceProvider.php(39): Modules\\Crm\\Providers\\CrmServiceProvider->registerScheduleCommands()
#23 /home/libraint/public_html/admin.librainternational.com.pe/vendor/laravel/framework/src/Illuminate/Container/BoundMethod.php(36): Modules\\Crm\\Providers\\CrmServiceProvider->boot()
#24 /home/libraint/public_html/admin.librainternational.com.pe/vendor/laravel/framework/src/Illuminate/Container/Util.php(41): Illuminate\\Container\\BoundMethod::Illuminate\\Container\\{closure}()
#25 /home/libraint/public_html/admin.librainternational.com.pe/vendor/laravel/framework/src/Illuminate/Container/BoundMethod.php(93): Illuminate\\Container\\Util::unwrapIfClosure()
#26 /home/libraint/public_html/admin.librainternational.com.pe/vendor/laravel/framework/src/Illuminate/Container/BoundMethod.php(37): Illuminate\\Container\\BoundMethod::callBoundMethod()
#27 /home/libraint/public_html/admin.librainternational.com.pe/vendor/laravel/framework/src/Illuminate/Container/Container.php(661): Illuminate\\Container\\BoundMethod::call()
#28 /home/libraint/public_html/admin.librainternational.com.pe/vendor/laravel/framework/src/Illuminate/Foundation/Application.php(929): Illuminate\\Container\\Container->call()
#29 /home/libraint/public_html/admin.librainternational.com.pe/vendor/laravel/framework/src/Illuminate/Foundation/Application.php(910): Illuminate\\Foundation\\Application->bootProvider()
#30 [internal function]: Illuminate\\Foundation\\Application->Illuminate\\Foundation\\{closure}()
#31 /home/libraint/public_html/admin.librainternational.com.pe/vendor/laravel/framework/src/Illuminate/Foundation/Application.php(911): array_walk()
#32 /home/libraint/public_html/admin.librainternational.com.pe/vendor/laravel/framework/src/Illuminate/Foundation/Bootstrap/BootProviders.php(17): Illuminate\\Foundation\\Application->boot()
#33 /home/libraint/public_html/admin.librainternational.com.pe/vendor/laravel/framework/src/Illuminate/Foundation/Application.php(242): Illuminate\\Foundation\\Bootstrap\\BootProviders->bootstrap()
#34 /home/libraint/public_html/admin.librainternational.com.pe/vendor/laravel/framework/src/Illuminate/Foundation/Http/Kernel.php(176): Illuminate\\Foundation\\Application->bootstrapWith()
#35 /home/libraint/public_html/admin.librainternational.com.pe/vendor/laravel/framework/src/Illuminate/Foundation/Http/Kernel.php(160): Illuminate\\Foundation\\Http\\Kernel->bootstrap()
#36 /home/libraint/public_html/admin.librainternational.com.pe/vendor/laravel/framework/src/Illuminate/Foundation/Http/Kernel.php(134): Illuminate\\Foundation\\Http\\Kernel->sendRequestThroughRouter()
#37 /home/libraint/public_html/admin.librainternational.com.pe/public/index.php(52): Illuminate\\Foundation\\Http\\Kernel->handle()
#38 {main}
"} 
[2026-02-05 15:21:27] live.ERROR: SQLSTATE[42000] [1044] Access denied for user 'libraint_erp'@'localhost' to database 'libraint_bd' (SQL: select * from `system` where `key` = crm_version limit 1) {"exception":"[object] (Illuminate\\Database\\QueryException(code: 1044): SQLSTATE[42000] [1044] Access denied for user 'libraint_erp'@'localhost' to database 'libraint_bd' (SQL: select * from `system` where `key` = crm_version limit 1) at /home/libraint/public_html/admin.librainternational.com.pe/vendor/laravel/framework/src/Illuminate/Database/Connection.php:760)
[stacktrace]
#0 /home/libraint/public_html/admin.librainternational.com.pe/vendor/laravel/framework/src/Illuminate/Database/Connection.php(720): Illuminate\\Database\\Connection->runQueryCallback()
#1 /home/libraint/public_html/admin.librainternational.com.pe/vendor/laravel/framework/src/Illuminate/Database/Connection.php(422): Illuminate\\Database\\Connection->run()
#2 /home/libraint/public_html/admin.librainternational.com.pe/vendor/laravel/framework/src/Illuminate/Database/Query/Builder.php(2706): Illuminate\\Database\\Connection->select()
#3 /home/libraint/public_html/admin.librainternational.com.pe/vendor/laravel/framework/src/Illuminate/Database/Query/Builder.php(2694): Illuminate\\Database\\Query\\Builder->runSelect()
#4 /home/libraint/public_html/admin.librainternational.com.pe/vendor/laravel/framework/src/Illuminate/Database/Query/Builder.php(3230): Illuminate\\Database\\Query\\Builder->Illuminate\\Database\\Query\\{closure}()
#5 /home/libraint/public_html/admin.librainternational.com.pe/vendor/laravel/framework/src/Illuminate/Database/Query/Builder.php(2695): Illuminate\\Database\\Query\\Builder->onceWithColumns()
#6 /home/libraint/public_html/admin.librainternational.com.pe/vendor/laravel/framework/src/Illuminate/Database/Eloquent/Builder.php(710): Illuminate\\Database\\Query\\Builder->get()
#7 /home/libraint/public_html/admin.librainternational.com.pe/vendor/laravel/framework/src/Illuminate/Database/Eloquent/Builder.php(694): Illuminate\\Database\\Eloquent\\Builder->getModels()
#8 /home/libraint/public_html/admin.librainternational.com.pe/vendor/laravel/framework/src/Illuminate/Database/Concerns/BuildsQueries.php(296): Illuminate\\Database\\Eloquent\\Builder->get()
#9 /home/libraint/public_html/admin.librainternational.com.pe/app/System.php(39): Illuminate\\Database\\Eloquent\\Builder->first()
#10 /home/libraint/public_html/admin.librainternational.com.pe/app/Utils/ModuleUtil.php(28): App\\System::getProperty()
#11 /home/libraint/public_html/admin.librainternational.com.pe/Modules/Crm/Providers/CrmServiceProvider.php(172): App\\Utils\\ModuleUtil->isModuleInstalled()
#12 /home/libraint/public_html/admin.librainternational.com.pe/Modules/Crm/Providers/CrmServiceProvider.php(39): Modules\\Crm\\Providers\\CrmServiceProvider->registerScheduleCommands()
#13 /home/libraint/public_html/admin.librainternational.com.pe/vendor/laravel/framework/src/Illuminate/Container/BoundMethod.php(36): Modules\\Crm\\Providers\\CrmServiceProvider->boot()
#14 /home/libraint/public_html/admin.librainternational.com.pe/vendor/laravel/framework/src/Illuminate/Container/Util.php(41): Illuminate\\Container\\BoundMethod::Illuminate\\Container\\{closure}()
#15 /home/libraint/public_html/admin.librainternational.com.pe/vendor/laravel/framework/src/Illuminate/Container/BoundMethod.php(93): Illuminate\\Container\\Util::unwrapIfClosure()
#16 /home/libraint/public_html/admin.librainternational.com.pe/vendor/laravel/framework/src/Illuminate/Container/BoundMethod.php(37): Illuminate\\Container\\BoundMethod::callBoundMethod()
#17 /home/libraint/public_html/admin.librainternational.com.pe/vendor/laravel/framework/src/Illuminate/Container/Container.php(661): Illuminate\\Container\\BoundMethod::call()
#18 /home/libraint/public_html/admin.librainternational.com.pe/vendor/laravel/framework/src/Illuminate/Foundation/Application.php(929): Illuminate\\Container\\Container->call()
#19 /home/libraint/public_html/admin.librainternational.com.pe/vendor/laravel/framework/src/Illuminate/Foundation/Application.php(910): Illuminate\\Foundation\\Application->bootProvider()
#20 [internal function]: Illuminate\\Foundation\\Application->Illuminate\\Foundation\\{closure}()
#21 /home/libraint/public_html/admin.librainternational.com.pe/vendor/laravel/framework/src/Illuminate/Foundation/Application.php(911): array_walk()
#22 /home/libraint/public_html/admin.librainternational.com.pe/vendor/laravel/framework/src/Illuminate/Foundation/Bootstrap/BootProviders.php(17): Illuminate\\Foundation\\Application->boot()
#23 /home/libraint/public_html/admin.librainternational.com.pe/vendor/laravel/framework/src/Illuminate/Foundation/Application.php(242): Illuminate\\Foundation\\Bootstrap\\BootProviders->bootstrap()
#24 /home/libraint/public_html/admin.librainternational.com.pe/vendor/laravel/framework/src/Illuminate/Foundation/Http/Kernel.php(176): Illuminate\\Foundation\\Application->bootstrapWith()
#25 /home/libraint/public_html/admin.librainternational.com.pe/vendor/laravel/framework/src/Illuminate/Foundation/Http/Kernel.php(160): Illuminate\\Foundation\\Http\\Kernel->bootstrap()
#26 /home/libraint/public_html/admin.librainternational.com.pe/vendor/laravel/framework/src/Illuminate/Foundation/Http/Kernel.php(134): Illuminate\\Foundation\\Http\\Kernel->sendRequestThroughRouter()
#27 /home/libraint/public_html/admin.librainternational.com.pe/public/index.php(52): Illuminate\\Foundation\\Http\\Kernel->handle()
#28 {main}

[previous exception] [object] (PDOException(code: 1044): SQLSTATE[42000] [1044] Access denied for user 'libraint_erp'@'localhost' to database 'libraint_bd' at /home/libraint/public_html/admin.librainternational.com.pe/vendor/laravel/framework/src/Illuminate/Database/Connectors/Connector.php:70)
[stacktrace]
#0 /home/libraint/public_html/admin.librainternational.com.pe/vendor/laravel/framework/src/Illuminate/Database/Connectors/Connector.php(70): PDO->__construct()
#1 /home/libraint/public_html/admin.librainternational.com.pe/vendor/laravel/framework/src/Illuminate/Database/Connectors/Connector.php(46): Illuminate\\Database\\Connectors\\Connector->createPdoConnection()
#2 /home/libraint/public_html/admin.librainternational.com.pe/vendor/laravel/framework/src/Illuminate/Database/Connectors/MySqlConnector.php(24): Illuminate\\Database\\Connectors\\Connector->createConnection()
#3 /home/libraint/public_html/admin.librainternational.com.pe/vendor/laravel/framework/src/Illuminate/Database/Connectors/ConnectionFactory.php(184): Illuminate\\Database\\Connectors\\MySqlConnector->connect()
#4 [internal function]: Illuminate\\Database\\Connectors\\ConnectionFactory->Illuminate\\Database\\Connectors\\{closure}()
#5 /home/libraint/public_html/admin.librainternational.com.pe/vendor/laravel/framework/src/Illuminate/Database/Connection.php(1181): call_user_func()
#6 /home/libraint/public_html/admin.librainternational.com.pe/vendor/laravel/framework/src/Illuminate/Database/Connection.php(1217): Illuminate\\Database\\Connection->getPdo()
#7 /home/libraint/public_html/admin.librainternational.com.pe/vendor/laravel/framework/src/Illuminate/Database/Connection.php(486): Illuminate\\Database\\Connection->getReadPdo()
#8 /home/libraint/public_html/admin.librainternational.com.pe/vendor/laravel/framework/src/Illuminate/Database/Connection.php(414): Illuminate\\Database\\Connection->getPdoForSelect()
#9 /home/libraint/public_html/admin.librainternational.com.pe/vendor/laravel/framework/src/Illuminate/Database/Connection.php(753): Illuminate\\Database\\Connection->Illuminate\\Database\\{closure}()
#10 /home/libraint/public_html/admin.librainternational.com.pe/vendor/laravel/framework/src/Illuminate/Database/Connection.php(720): Illuminate\\Database\\Connection->runQueryCallback()
#11 /home/libraint/public_html/admin.librainternational.com.pe/vendor/laravel/framework/src/Illuminate/Database/Connection.php(422): Illuminate\\Database\\Connection->run()
#12 /home/libraint/public_html/admin.librainternational.com.pe/vendor/laravel/framework/src/Illuminate/Database/Query/Builder.php(2706): Illuminate\\Database\\Connection->select()
#13 /home/libraint/public_html/admin.librainternational.com.pe/vendor/laravel/framework/src/Illuminate/Database/Query/Builder.php(2694): Illuminate\\Database\\Query\\Builder->runSelect()
#14 /home/libraint/public_html/admin.librainternational.com.pe/vendor/laravel/framework/src/Illuminate/Database/Query/Builder.php(3230): Illuminate\\Database\\Query\\Builder->Illuminate\\Database\\Query\\{closure}()
#15 /home/libraint/public_html/admin.librainternational.com.pe/vendor/laravel/framework/src/Illuminate/Database/Query/Builder.php(2695): Illuminate\\Database\\Query\\Builder->onceWithColumns()
#16 /home/libraint/public_html/admin.librainternational.com.pe/vendor/laravel/framework/src/Illuminate/Database/Eloquent/Builder.php(710): Illuminate\\Database\\Query\\Builder->get()
#17 /home/libraint/public_html/admin.librainternational.com.pe/vendor/laravel/framework/src/Illuminate/Database/Eloquent/Builder.php(694): Illuminate\\Database\\Eloquent\\Builder->getModels()
#18 /home/libraint/public_html/admin.librainternational.com.pe/vendor/laravel/framework/src/Illuminate/Database/Concerns/BuildsQueries.php(296): Illuminate\\Database\\Eloquent\\Builder->get()
#19 /home/libraint/public_html/admin.librainternational.com.pe/app/System.php(39): Illuminate\\Database\\Eloquent\\Builder->first()
#20 /home/libraint/public_html/admin.librainternational.com.pe/app/Utils/ModuleUtil.php(28): App\\System::getProperty()
#21 /home/libraint/public_html/admin.librainternational.com.pe/Modules/Crm/Providers/CrmServiceProvider.php(172): App\\Utils\\ModuleUtil->isModuleInstalled()
#22 /home/libraint/public_html/admin.librainternational.com.pe/Modules/Crm/Providers/CrmServiceProvider.php(39): Modules\\Crm\\Providers\\CrmServiceProvider->registerScheduleCommands()
#23 /home/libraint/public_html/admin.librainternational.com.pe/vendor/laravel/framework/src/Illuminate/Container/BoundMethod.php(36): Modules\\Crm\\Providers\\CrmServiceProvider->boot()
#24 /home/libraint/public_html/admin.librainternational.com.pe/vendor/laravel/framework/src/Illuminate/Container/Util.php(41): Illuminate\\Container\\BoundMethod::Illuminate\\Container\\{closure}()
#25 /home/libraint/public_html/admin.librainternational.com.pe/vendor/laravel/framework/src/Illuminate/Container/BoundMethod.php(93): Illuminate\\Container\\Util::unwrapIfClosure()
#26 /home/libraint/public_html/admin.librainternational.com.pe/vendor/laravel/framework/src/Illuminate/Container/BoundMethod.php(37): Illuminate\\Container\\BoundMethod::callBoundMethod()
#27 /home/libraint/public_html/admin.librainternational.com.pe/vendor/laravel/framework/src/Illuminate/Container/Container.php(661): Illuminate\\Container\\BoundMethod::call()
#28 /home/libraint/public_html/admin.librainternational.com.pe/vendor/laravel/framework/src/Illuminate/Foundation/Application.php(929): Illuminate\\Container\\Container->call()
#29 /home/libraint/public_html/admin.librainternational.com.pe/vendor/laravel/framework/src/Illuminate/Foundation/Application.php(910): Illuminate\\Foundation\\Application->bootProvider()
#30 [internal function]: Illuminate\\Foundation\\Application->Illuminate\\Foundation\\{closure}()
#31 /home/libraint/public_html/admin.librainternational.com.pe/vendor/laravel/framework/src/Illuminate/Foundation/Application.php(911): array_walk()
#32 /home/libraint/public_html/admin.librainternational.com.pe/vendor/laravel/framework/src/Illuminate/Foundation/Bootstrap/BootProviders.php(17): Illuminate\\Foundation\\Application->boot()
#33 /home/libraint/public_html/admin.librainternational.com.pe/vendor/laravel/framework/src/Illuminate/Foundation/Application.php(242): Illuminate\\Foundation\\Bootstrap\\BootProviders->bootstrap()
#34 /home/libraint/public_html/admin.librainternational.com.pe/vendor/laravel/framework/src/Illuminate/Foundation/Http/Kernel.php(176): Illuminate\\Foundation\\Application->bootstrapWith()
#35 /home/libraint/public_html/admin.librainternational.com.pe/vendor/laravel/framework/src/Illuminate/Foundation/Http/Kernel.php(160): Illuminate\\Foundation\\Http\\Kernel->bootstrap()
#36 /home/libraint/public_html/admin.librainternational.com.pe/vendor/laravel/framework/src/Illuminate/Foundation/Http/Kernel.php(134): Illuminate\\Foundation\\Http\\Kernel->sendRequestThroughRouter()
#37 /home/libraint/public_html/admin.librainternational.com.pe/public/index.php(52): Illuminate\\Foundation\\Http\\Kernel->handle()
#38 {main}
"} 
[2026-02-05 23:51:57] live.ERROR: Expected response code "250/251/252" but got code "550", with message "550 SMTP AUTH is required for message submission on port 465". {"exception":"[object] (Symfony\\Component\\Mailer\\Exception\\TransportException(code: 550): Expected response code \"250/251/252\" but got code \"550\", with message \"550 SMTP AUTH is required for message submission on port 465\". at /home/libraint/public_html/admin.librainternational.com.pe/vendor/symfony/mailer/Transport/Smtp/SmtpTransport.php:338)
[stacktrace]
#0 /home/libraint/public_html/admin.librainternational.com.pe/vendor/symfony/mailer/Transport/Smtp/SmtpTransport.php(201): Symfony\\Component\\Mailer\\Transport\\Smtp\\SmtpTransport->assertResponseCode()
#1 /home/libraint/public_html/admin.librainternational.com.pe/vendor/symfony/mailer/Transport/Smtp/EsmtpTransport.php(105): Symfony\\Component\\Mailer\\Transport\\Smtp\\SmtpTransport->executeCommand()
#2 /home/libraint/public_html/admin.librainternational.com.pe/vendor/symfony/mailer/Transport/Smtp/SmtpTransport.php(264): Symfony\\Component\\Mailer\\Transport\\Smtp\\EsmtpTransport->executeCommand()
#3 /home/libraint/public_html/admin.librainternational.com.pe/vendor/symfony/mailer/Transport/Smtp/SmtpTransport.php(220): Symfony\\Component\\Mailer\\Transport\\Smtp\\SmtpTransport->doRcptToCommand()
#4 /home/libraint/public_html/admin.librainternational.com.pe/vendor/symfony/mailer/Transport/AbstractTransport.php(69): Symfony\\Component\\Mailer\\Transport\\Smtp\\SmtpTransport->doSend()
#5 /home/libraint/public_html/admin.librainternational.com.pe/vendor/symfony/mailer/Transport/Smtp/SmtpTransport.php(137): Symfony\\Component\\Mailer\\Transport\\AbstractTransport->send()
#6 /home/libraint/public_html/admin.librainternational.com.pe/vendor/laravel/framework/src/Illuminate/Mail/Mailer.php(523): Symfony\\Component\\Mailer\\Transport\\Smtp\\SmtpTransport->send()
#7 /home/libraint/public_html/admin.librainternational.com.pe/vendor/laravel/framework/src/Illuminate/Mail/Mailer.php(287): Illuminate\\Mail\\Mailer->sendSymfonyMessage()
#8 /home/libraint/public_html/admin.librainternational.com.pe/vendor/laravel/framework/src/Illuminate/Notifications/Channels/MailChannel.php(67): Illuminate\\Mail\\Mailer->send()
#9 /home/libraint/public_html/admin.librainternational.com.pe/vendor/laravel/framework/src/Illuminate/Notifications/NotificationSender.php(148): Illuminate\\Notifications\\Channels\\MailChannel->send()
#10 /home/libraint/public_html/admin.librainternational.com.pe/vendor/laravel/framework/src/Illuminate/Notifications/NotificationSender.php(106): Illuminate\\Notifications\\NotificationSender->sendToNotifiable()
#11 /home/libraint/public_html/admin.librainternational.com.pe/vendor/laravel/framework/src/Illuminate/Support/Traits/Localizable.php(19): Illuminate\\Notifications\\NotificationSender->Illuminate\\Notifications\\{closure}()
#12 /home/libraint/public_html/admin.librainternational.com.pe/vendor/laravel/framework/src/Illuminate/Notifications/NotificationSender.php(109): Illuminate\\Notifications\\NotificationSender->withLocale()
#13 /home/libraint/public_html/admin.librainternational.com.pe/vendor/laravel/framework/src/Illuminate/Notifications/NotificationSender.php(79): Illuminate\\Notifications\\NotificationSender->sendNow()
#14 /home/libraint/public_html/admin.librainternational.com.pe/vendor/laravel/framework/src/Illuminate/Notifications/ChannelManager.php(39): Illuminate\\Notifications\\NotificationSender->send()
#15 /home/libraint/public_html/admin.librainternational.com.pe/vendor/laravel/framework/src/Illuminate/Notifications/RoutesNotifications.php(18): Illuminate\\Notifications\\ChannelManager->send()
#16 /home/libraint/public_html/admin.librainternational.com.pe/vendor/spatie/laravel-backup/src/Notifications/EventHandler.php(30): Spatie\\Backup\\Notifications\\Notifiable->notify()
#17 /home/libraint/public_html/admin.librainternational.com.pe/vendor/laravel/framework/src/Illuminate/Events/Dispatcher.php(421): Spatie\\Backup\\Notifications\\EventHandler->Spatie\\Backup\\Notifications\\{closure}()
#18 /home/libraint/public_html/admin.librainternational.com.pe/vendor/laravel/framework/src/Illuminate/Events/Dispatcher.php(249): Illuminate\\Events\\Dispatcher->Illuminate\\Events\\{closure}()
#19 /home/libraint/public_html/admin.librainternational.com.pe/vendor/laravel/framework/src/Illuminate/Foundation/helpers.php(451): Illuminate\\Events\\Dispatcher->dispatch()
#20 /home/libraint/public_html/admin.librainternational.com.pe/vendor/spatie/laravel-backup/src/Tasks/Backup/BackupJob.php(311): event()
#21 /home/libraint/public_html/admin.librainternational.com.pe/vendor/laravel/framework/src/Illuminate/Foundation/helpers.php(756): Spatie\\Backup\\Tasks\\Backup\\BackupJob->Spatie\\Backup\\Tasks\\Backup\\{closure}()
#22 /home/libraint/public_html/admin.librainternational.com.pe/vendor/spatie/laravel-backup/src/Tasks/Backup/BackupJob.php(313): rescue()
#23 /home/libraint/public_html/admin.librainternational.com.pe/vendor/spatie/laravel-backup/src/Tasks/Backup/BackupJob.php(296): Spatie\\Backup\\Tasks\\Backup\\BackupJob->sendNotification()
#24 /home/libraint/public_html/admin.librainternational.com.pe/vendor/laravel/framework/src/Illuminate/Collections/Traits/EnumeratesValues.php(235): Spatie\\Backup\\Tasks\\Backup\\BackupJob->Spatie\\Backup\\Tasks\\Backup\\{closure}()
#25 /home/libraint/public_html/admin.librainternational.com.pe/vendor/spatie/laravel-backup/src/Tasks/Backup/BackupJob.php(304): Illuminate\\Support\\Collection->each()
#26 /home/libraint/public_html/admin.librainternational.com.pe/vendor/spatie/laravel-backup/src/Tasks/Backup/BackupJob.php(168): Spatie\\Backup\\Tasks\\Backup\\BackupJob->copyToBackupDestinations()
#27 /home/libraint/public_html/admin.librainternational.com.pe/vendor/spatie/laravel-backup/src/Commands/BackupCommand.php(58): Spatie\\Backup\\Tasks\\Backup\\BackupJob->run()
#28 /home/libraint/public_html/admin.librainternational.com.pe/vendor/laravel/framework/src/Illuminate/Container/BoundMethod.php(36): Spatie\\Backup\\Commands\\BackupCommand->handle()
#29 /home/libraint/public_html/admin.librainternational.com.pe/vendor/laravel/framework/src/Illuminate/Container/Util.php(41): Illuminate\\Container\\BoundMethod::Illuminate\\Container\\{closure}()
#30 /home/libraint/public_html/admin.librainternational.com.pe/vendor/laravel/framework/src/Illuminate/Container/BoundMethod.php(93): Illuminate\\Container\\Util::unwrapIfClosure()
#31 /home/libraint/public_html/admin.librainternational.com.pe/vendor/laravel/framework/src/Illuminate/Container/BoundMethod.php(37): Illuminate\\Container\\BoundMethod::callBoundMethod()
#32 /home/libraint/public_html/admin.librainternational.com.pe/vendor/laravel/framework/src/Illuminate/Container/Container.php(661): Illuminate\\Container\\BoundMethod::call()
#33 /home/libraint/public_html/admin.librainternational.com.pe/vendor/laravel/framework/src/Illuminate/Console/Command.php(183): Illuminate\\Container\\Container->call()
#34 /home/libraint/public_html/admin.librainternational.com.pe/vendor/symfony/console/Command/Command.php(312): Illuminate\\Console\\Command->execute()
#35 /home/libraint/public_html/admin.librainternational.com.pe/vendor/laravel/framework/src/Illuminate/Console/Command.php(153): Symfony\\Component\\Console\\Command\\Command->run()
#36 /home/libraint/public_html/admin.librainternational.com.pe/vendor/spatie/laravel-backup/src/Commands/BaseCommand.php(28): Illuminate\\Console\\Command->run()
#37 /home/libraint/public_html/admin.librainternational.com.pe/vendor/symfony/console/Application.php(1022): Spatie\\Backup\\Commands\\BaseCommand->run()
#38 /home/libraint/public_html/admin.librainternational.com.pe/vendor/symfony/console/Application.php(314): Symfony\\Component\\Console\\Application->doRunCommand()
#39 /home/libraint/public_html/admin.librainternational.com.pe/vendor/symfony/console/Application.php(168): Symfony\\Component\\Console\\Application->doRun()
#40 /home/libraint/public_html/admin.librainternational.com.pe/vendor/laravel/framework/src/Illuminate/Console/Application.php(102): Symfony\\Component\\Console\\Application->run()
#41 /home/libraint/public_html/admin.librainternational.com.pe/vendor/laravel/framework/src/Illuminate/Foundation/Console/Kernel.php(155): Illuminate\\Console\\Application->run()
#42 /home/libraint/public_html/admin.librainternational.com.pe/artisan(37): Illuminate\\Foundation\\Console\\Kernel->handle()
#43 {main}
"} 
