[2026-02-10 00:00:07] live.ERROR: Command "pos:sendSubscriptionExpiryAlert" is not defined.

Did you mean one of these?
    pos:autoClockOutUser
    pos:autoSendPaymentReminder
    pos:calculateStatusLoan
    pos:createRecursiveFollowup
    pos:dummyBusiness
    pos:generateRecurringExpense
    pos:generateSubscriptionInvoices
    pos:mapPurchaseSell
    pos:sendScheduleNotification
    pos:smsPagoVencer
    pos:updateRewardPoints
    pos:WooCommerceSyncOrder
    pos:WoocommerceSyncProducts {"exception":"[object] (Symfony\\Component\\Console\\Exception\\CommandNotFoundException(code: 0): Command \"pos:sendSubscriptionExpiryAlert\" is not defined.

Did you mean one of these?
    pos:autoClockOutUser
    pos:autoSendPaymentReminder
    pos:calculateStatusLoan
    pos:createRecursiveFollowup
    pos:dummyBusiness
    pos:generateRecurringExpense
    pos:generateSubscriptionInvoices
    pos:mapPurchaseSell
    pos:sendScheduleNotification
    pos:smsPagoVencer
    pos:updateRewardPoints
    pos:WooCommerceSyncOrder
    pos:WoocommerceSyncProducts at /home/libraint/public_html/admin.librainternational.com.pe/vendor/symfony/console/Application.php:702)
[stacktrace]
#0 /home/libraint/public_html/admin.librainternational.com.pe/vendor/symfony/console/Application.php(256): Symfony\\Component\\Console\\Application->find()
#1 /home/libraint/public_html/admin.librainternational.com.pe/vendor/symfony/console/Application.php(168): Symfony\\Component\\Console\\Application->doRun()
#2 /home/libraint/public_html/admin.librainternational.com.pe/vendor/laravel/framework/src/Illuminate/Console/Application.php(102): Symfony\\Component\\Console\\Application->run()
#3 /home/libraint/public_html/admin.librainternational.com.pe/vendor/laravel/framework/src/Illuminate/Foundation/Console/Kernel.php(155): Illuminate\\Console\\Application->run()
#4 /home/libraint/public_html/admin.librainternational.com.pe/artisan(37): Illuminate\\Foundation\\Console\\Kernel->handle()
#5 {main}
"} 
[2026-02-10 00:00:07] live.ERROR: Command "pos:sendSubscriptionExpiryAlert" is not defined.

Did you mean one of these?
    pos:autoClockOutUser
    pos:autoSendPaymentReminder
    pos:calculateStatusLoan
    pos:createRecursiveFollowup
    pos:dummyBusiness
    pos:generateRecurringExpense
    pos:generateSubscriptionInvoices
    pos:mapPurchaseSell
    pos:sendScheduleNotification
    pos:smsPagoVencer
    pos:updateRewardPoints
    pos:WooCommerceSyncOrder
    pos:WoocommerceSyncProducts {"exception":"[object] (Symfony\\Component\\Console\\Exception\\CommandNotFoundException(code: 0): Command \"pos:sendSubscriptionExpiryAlert\" is not defined.

Did you mean one of these?
    pos:autoClockOutUser
    pos:autoSendPaymentReminder
    pos:calculateStatusLoan
    pos:createRecursiveFollowup
    pos:dummyBusiness
    pos:generateRecurringExpense
    pos:generateSubscriptionInvoices
    pos:mapPurchaseSell
    pos:sendScheduleNotification
    pos:smsPagoVencer
    pos:updateRewardPoints
    pos:WooCommerceSyncOrder
    pos:WoocommerceSyncProducts at /home/libraint/public_html/admin.librainternational.com.pe/vendor/symfony/console/Application.php:702)
[stacktrace]
#0 /home/libraint/public_html/admin.librainternational.com.pe/vendor/symfony/console/Application.php(256): Symfony\\Component\\Console\\Application->find()
#1 /home/libraint/public_html/admin.librainternational.com.pe/vendor/symfony/console/Application.php(168): Symfony\\Component\\Console\\Application->doRun()
#2 /home/libraint/public_html/admin.librainternational.com.pe/vendor/laravel/framework/src/Illuminate/Console/Application.php(102): Symfony\\Component\\Console\\Application->run()
#3 /home/libraint/public_html/admin.librainternational.com.pe/vendor/laravel/framework/src/Illuminate/Foundation/Console/Kernel.php(155): Illuminate\\Console\\Application->run()
#4 /home/libraint/public_html/admin.librainternational.com.pe/artisan(37): Illuminate\\Foundation\\Console\\Kernel->handle()
#5 {main}
"} 
[2026-02-10 00:05:06] live.INFO: MiJob se ejecutó correctamente a las 2026-02-10 00:05:06  
[2026-02-10 00:10:05] live.INFO: JOB de SMS se ejecuto correctamente el 2026-02-10 00:10:05  
[2026-02-10 15:09:15] live.ERROR: Missing required parameter for [Route: contacts.update] [URI: contacts/{contact}] [Missing parameter: contact]. {"view":{"view":"/home/libraint/public_html/admin.librainternational.com.pe/resources/views/contact/edit.blade.php","data":[]},"userId":48,"exception":"[object] (Spatie\\LaravelIgnition\\Exceptions\\ViewException(code: 0): Missing required parameter for [Route: contacts.update] [URI: contacts/{contact}] [Missing parameter: contact]. at /home/libraint/public_html/admin.librainternational.com.pe/vendor/laravel/framework/src/Illuminate/Routing/Exceptions/UrlGenerationException.php:35)
[stacktrace]
#0 /home/libraint/public_html/admin.librainternational.com.pe/vendor/laravel/framework/src/Illuminate/Routing/RouteUrlGenerator.php(90): Illuminate\\Routing\\Exceptions\\UrlGenerationException::forMissingParameters()
#1 /home/libraint/public_html/admin.librainternational.com.pe/vendor/laravel/framework/src/Illuminate/Routing/UrlGenerator.php(493): Illuminate\\Routing\\RouteUrlGenerator->to()
#2 /home/libraint/public_html/admin.librainternational.com.pe/vendor/laravel/framework/src/Illuminate/Routing/UrlGenerator.php(513): Illuminate\\Routing\\UrlGenerator->toRoute()
#3 /home/libraint/public_html/admin.librainternational.com.pe/vendor/laravel/framework/src/Illuminate/Foundation/helpers.php(102): Illuminate\\Routing\\UrlGenerator->action()
#4 /home/libraint/public_html/admin.librainternational.com.pe/resources/views/contact/edit.blade.php(4): action()
#5 /home/libraint/public_html/admin.librainternational.com.pe/vendor/laravel/framework/src/Illuminate/Filesystem/Filesystem.php(109): require('/home/libraint/...')
#6 /home/libraint/public_html/admin.librainternational.com.pe/vendor/laravel/framework/src/Illuminate/Filesystem/Filesystem.php(110): Illuminate\\Filesystem\\Filesystem::Illuminate\\Filesystem\\{closure}()
#7 /home/libraint/public_html/admin.librainternational.com.pe/vendor/laravel/framework/src/Illuminate/View/Engines/PhpEngine.php(58): Illuminate\\Filesystem\\Filesystem->getRequire()
#8 /home/libraint/public_html/admin.librainternational.com.pe/vendor/laravel/framework/src/Illuminate/View/Engines/CompilerEngine.php(70): Illuminate\\View\\Engines\\PhpEngine->evaluatePath()
#9 /home/libraint/public_html/admin.librainternational.com.pe/vendor/laravel/framework/src/Illuminate/View/View.php(195): Illuminate\\View\\Engines\\CompilerEngine->get()
#10 /home/libraint/public_html/admin.librainternational.com.pe/vendor/laravel/framework/src/Illuminate/View/View.php(178): Illuminate\\View\\View->getContents()
#11 /home/libraint/public_html/admin.librainternational.com.pe/vendor/laravel/framework/src/Illuminate/View/View.php(147): Illuminate\\View\\View->renderContents()
#12 /home/libraint/public_html/admin.librainternational.com.pe/vendor/laravel/framework/src/Illuminate/Http/Response.php(69): Illuminate\\View\\View->render()
#13 /home/libraint/public_html/admin.librainternational.com.pe/vendor/laravel/framework/src/Illuminate/Http/Response.php(35): Illuminate\\Http\\Response->setContent()
#14 /home/libraint/public_html/admin.librainternational.com.pe/vendor/laravel/framework/src/Illuminate/Routing/Router.php(906): Illuminate\\Http\\Response->__construct()
#15 /home/libraint/public_html/admin.librainternational.com.pe/vendor/laravel/framework/src/Illuminate/Routing/Router.php(875): Illuminate\\Routing\\Router::toResponse()
#16 /home/libraint/public_html/admin.librainternational.com.pe/vendor/laravel/framework/src/Illuminate/Routing/Router.php(798): Illuminate\\Routing\\Router->prepareResponse()
#17 /home/libraint/public_html/admin.librainternational.com.pe/vendor/laravel/framework/src/Illuminate/Pipeline/Pipeline.php(141): Illuminate\\Routing\\Router->Illuminate\\Routing\\{closure}()
#18 /home/libraint/public_html/admin.librainternational.com.pe/app/Http/Middleware/CheckUserLogin.php(22): Illuminate\\Pipeline\\Pipeline->Illuminate\\Pipeline\\{closure}()
#19 /home/libraint/public_html/admin.librainternational.com.pe/vendor/laravel/framework/src/Illuminate/Pipeline/Pipeline.php(180): App\\Http\\Middleware\\CheckUserLogin->handle()
#20 /home/libraint/public_html/admin.librainternational.com.pe/app/Http/Middleware/AdminSidebarMenu.php(21): Illuminate\\Pipeline\\Pipeline->Illuminate\\Pipeline\\{closure}()
#21 /home/libraint/public_html/admin.librainternational.com.pe/vendor/laravel/framework/src/Illuminate/Pipeline/Pipeline.php(180): App\\Http\\Middleware\\AdminSidebarMenu->handle()
#22 /home/libraint/public_html/admin.librainternational.com.pe/app/Http/Middleware/Timezone.php(30): Illuminate\\Pipeline\\Pipeline->Illuminate\\Pipeline\\{closure}()
#23 /home/libraint/public_html/admin.librainternational.com.pe/vendor/laravel/framework/src/Illuminate/Pipeline/Pipeline.php(180): App\\Http\\Middleware\\Timezone->handle()
#24 /home/libraint/public_html/admin.librainternational.com.pe/app/Http/Middleware/Language.php(25): Illuminate\\Pipeline\\Pipeline->Illuminate\\Pipeline\\{closure}()
#25 /home/libraint/public_html/admin.librainternational.com.pe/vendor/laravel/framework/src/Illuminate/Pipeline/Pipeline.php(180): App\\Http\\Middleware\\Language->handle()
#26 /home/libraint/public_html/admin.librainternational.com.pe/app/Http/Middleware/SetSessionData.php(52): Illuminate\\Pipeline\\Pipeline->Illuminate\\Pipeline\\{closure}()
#27 /home/libraint/public_html/admin.librainternational.com.pe/vendor/laravel/framework/src/Illuminate/Pipeline/Pipeline.php(180): App\\Http\\Middleware\\SetSessionData->handle()
#28 /home/libraint/public_html/admin.librainternational.com.pe/app/Http/Middleware/IsInstalled.php(50): Illuminate\\Pipeline\\Pipeline->Illuminate\\Pipeline\\{closure}()
#29 /home/libraint/public_html/admin.librainternational.com.pe/vendor/laravel/framework/src/Illuminate/Pipeline/Pipeline.php(180): App\\Http\\Middleware\\IsInstalled->handle()
#30 /home/libraint/public_html/admin.librainternational.com.pe/vendor/laravel/framework/src/Illuminate/Routing/Middleware/SubstituteBindings.php(50): Illuminate\\Pipeline\\Pipeline->Illuminate\\Pipeline\\{closure}()
#31 /home/libraint/public_html/admin.librainternational.com.pe/vendor/laravel/framework/src/Illuminate/Pipeline/Pipeline.php(180): Illuminate\\Routing\\Middleware\\SubstituteBindings->handle()
#32 /home/libraint/public_html/admin.librainternational.com.pe/vendor/laravel/framework/src/Illuminate/Auth/Middleware/Authenticate.php(44): Illuminate\\Pipeline\\Pipeline->Illuminate\\Pipeline\\{closure}()
#33 /home/libraint/public_html/admin.librainternational.com.pe/vendor/laravel/framework/src/Illuminate/Pipeline/Pipeline.php(180): Illuminate\\Auth\\Middleware\\Authenticate->handle()
#34 /home/libraint/public_html/admin.librainternational.com.pe/vendor/laravel/framework/src/Illuminate/Foundation/Http/Middleware/VerifyCsrfToken.php(78): Illuminate\\Pipeline\\Pipeline->Illuminate\\Pipeline\\{closure}()
#35 /home/libraint/public_html/admin.librainternational.com.pe/vendor/laravel/framework/src/Illuminate/Pipeline/Pipeline.php(180): Illuminate\\Foundation\\Http\\Middleware\\VerifyCsrfToken->handle()
#36 /home/libraint/public_html/admin.librainternational.com.pe/vendor/laravel/framework/src/Illuminate/View/Middleware/ShareErrorsFromSession.php(49): Illuminate\\Pipeline\\Pipeline->Illuminate\\Pipeline\\{closure}()
#37 /home/libraint/public_html/admin.librainternational.com.pe/vendor/laravel/framework/src/Illuminate/Pipeline/Pipeline.php(180): Illuminate\\View\\Middleware\\ShareErrorsFromSession->handle()
#38 /home/libraint/public_html/admin.librainternational.com.pe/vendor/laravel/framework/src/Illuminate/Session/Middleware/StartSession.php(121): Illuminate\\Pipeline\\Pipeline->Illuminate\\Pipeline\\{closure}()
#39 /home/libraint/public_html/admin.librainternational.com.pe/vendor/laravel/framework/src/Illuminate/Session/Middleware/StartSession.php(64): Illuminate\\Session\\Middleware\\StartSession->handleStatefulRequest()
#40 /home/libraint/public_html/admin.librainternational.com.pe/vendor/laravel/framework/src/Illuminate/Pipeline/Pipeline.php(180): Illuminate\\Session\\Middleware\\StartSession->handle()
#41 /home/libraint/public_html/admin.librainternational.com.pe/vendor/laravel/framework/src/Illuminate/Cookie/Middleware/AddQueuedCookiesToResponse.php(37): Illuminate\\Pipeline\\Pipeline->Illuminate\\Pipeline\\{closure}()
#42 /home/libraint/public_html/admin.librainternational.com.pe/vendor/laravel/framework/src/Illuminate/Pipeline/Pipeline.php(180): Illuminate\\Cookie\\Middleware\\AddQueuedCookiesToResponse->handle()
#43 /home/libraint/public_html/admin.librainternational.com.pe/vendor/laravel/framework/src/Illuminate/Cookie/Middleware/EncryptCookies.php(67): Illuminate\\Pipeline\\Pipeline->Illuminate\\Pipeline\\{closure}()
#44 /home/libraint/public_html/admin.librainternational.com.pe/vendor/laravel/framework/src/Illuminate/Pipeline/Pipeline.php(180): Illuminate\\Cookie\\Middleware\\EncryptCookies->handle()
#45 /home/libraint/public_html/admin.librainternational.com.pe/vendor/laravel/framework/src/Illuminate/Pipeline/Pipeline.php(116): Illuminate\\Pipeline\\Pipeline->Illuminate\\Pipeline\\{closure}()
#46 /home/libraint/public_html/admin.librainternational.com.pe/vendor/laravel/framework/src/Illuminate/Routing/Router.php(799): Illuminate\\Pipeline\\Pipeline->then()
#47 /home/libraint/public_html/admin.librainternational.com.pe/vendor/laravel/framework/src/Illuminate/Routing/Router.php(776): Illuminate\\Routing\\Router->runRouteWithinStack()
#48 /home/libraint/public_html/admin.librainternational.com.pe/vendor/laravel/framework/src/Illuminate/Routing/Router.php(740): Illuminate\\Routing\\Router->runRoute()
#49 /home/libraint/public_html/admin.librainternational.com.pe/vendor/laravel/framework/src/Illuminate/Routing/Router.php(729): Illuminate\\Routing\\Router->dispatchToRoute()
#50 /home/libraint/public_html/admin.librainternational.com.pe/vendor/laravel/framework/src/Illuminate/Foundation/Http/Kernel.php(190): Illuminate\\Routing\\Router->dispatch()
#51 /home/libraint/public_html/admin.librainternational.com.pe/vendor/laravel/framework/src/Illuminate/Pipeline/Pipeline.php(141): Illuminate\\Foundation\\Http\\Kernel->Illuminate\\Foundation\\Http\\{closure}()
#52 /home/libraint/public_html/admin.librainternational.com.pe/vendor/barryvdh/laravel-debugbar/src/Middleware/InjectDebugbar.php(59): Illuminate\\Pipeline\\Pipeline->Illuminate\\Pipeline\\{closure}()
#53 /home/libraint/public_html/admin.librainternational.com.pe/vendor/laravel/framework/src/Illuminate/Pipeline/Pipeline.php(180): Barryvdh\\Debugbar\\Middleware\\InjectDebugbar->handle()
#54 /home/libraint/public_html/admin.librainternational.com.pe/vendor/laravel/framework/src/Illuminate/Foundation/Http/Middleware/TransformsRequest.php(21): Illuminate\\Pipeline\\Pipeline->Illuminate\\Pipeline\\{closure}()
#55 /home/libraint/public_html/admin.librainternational.com.pe/vendor/laravel/framework/src/Illuminate/Foundation/Http/Middleware/ConvertEmptyStringsToNull.php(31): Illuminate\\Foundation\\Http\\Middleware\\TransformsRequest->handle()
#56 /home/libraint/public_html/admin.librainternational.com.pe/vendor/laravel/framework/src/Illuminate/Pipeline/Pipeline.php(180): Illuminate\\Foundation\\Http\\Middleware\\ConvertEmptyStringsToNull->handle()
#57 /home/libraint/public_html/admin.librainternational.com.pe/vendor/laravel/framework/src/Illuminate/Foundation/Http/Middleware/TransformsRequest.php(21): Illuminate\\Pipeline\\Pipeline->Illuminate\\Pipeline\\{closure}()
#58 /home/libraint/public_html/admin.librainternational.com.pe/vendor/laravel/framework/src/Illuminate/Foundation/Http/Middleware/TrimStrings.php(40): Illuminate\\Foundation\\Http\\Middleware\\TransformsRequest->handle()
#59 /home/libraint/public_html/admin.librainternational.com.pe/vendor/laravel/framework/src/Illuminate/Pipeline/Pipeline.php(180): Illuminate\\Foundation\\Http\\Middleware\\TrimStrings->handle()
#60 /home/libraint/public_html/admin.librainternational.com.pe/vendor/laravel/framework/src/Illuminate/Foundation/Http/Middleware/ValidatePostSize.php(27): Illuminate\\Pipeline\\Pipeline->Illuminate\\Pipeline\\{closure}()
#61 /home/libraint/public_html/admin.librainternational.com.pe/vendor/laravel/framework/src/Illuminate/Pipeline/Pipeline.php(180): Illuminate\\Foundation\\Http\\Middleware\\ValidatePostSize->handle()
#62 /home/libraint/public_html/admin.librainternational.com.pe/vendor/laravel/framework/src/Illuminate/Foundation/Http/Middleware/PreventRequestsDuringMaintenance.php(86): Illuminate\\Pipeline\\Pipeline->Illuminate\\Pipeline\\{closure}()
#63 /home/libraint/public_html/admin.librainternational.com.pe/vendor/laravel/framework/src/Illuminate/Pipeline/Pipeline.php(180): Illuminate\\Foundation\\Http\\Middleware\\PreventRequestsDuringMaintenance->handle()
#64 /home/libraint/public_html/admin.librainternational.com.pe/vendor/laravel/framework/src/Illuminate/Http/Middleware/HandleCors.php(49): Illuminate\\Pipeline\\Pipeline->Illuminate\\Pipeline\\{closure}()
#65 /home/libraint/public_html/admin.librainternational.com.pe/vendor/laravel/framework/src/Illuminate/Pipeline/Pipeline.php(180): Illuminate\\Http\\Middleware\\HandleCors->handle()
#66 /home/libraint/public_html/admin.librainternational.com.pe/vendor/laravel/framework/src/Illuminate/Http/Middleware/TrustProxies.php(39): Illuminate\\Pipeline\\Pipeline->Illuminate\\Pipeline\\{closure}()
#67 /home/libraint/public_html/admin.librainternational.com.pe/vendor/laravel/framework/src/Illuminate/Pipeline/Pipeline.php(180): Illuminate\\Http\\Middleware\\TrustProxies->handle()
#68 /home/libraint/public_html/admin.librainternational.com.pe/vendor/laravel/framework/src/Illuminate/Pipeline/Pipeline.php(116): Illuminate\\Pipeline\\Pipeline->Illuminate\\Pipeline\\{closure}()
#69 /home/libraint/public_html/admin.librainternational.com.pe/vendor/laravel/framework/src/Illuminate/Foundation/Http/Kernel.php(165): Illuminate\\Pipeline\\Pipeline->then()
#70 /home/libraint/public_html/admin.librainternational.com.pe/vendor/laravel/framework/src/Illuminate/Foundation/Http/Kernel.php(134): Illuminate\\Foundation\\Http\\Kernel->sendRequestThroughRouter()
#71 /home/libraint/public_html/admin.librainternational.com.pe/public/index.php(52): Illuminate\\Foundation\\Http\\Kernel->handle()
#72 {main}

[previous exception] [object] (Illuminate\\Routing\\Exceptions\\UrlGenerationException(code: 0): Missing required parameter for [Route: contacts.update] [URI: contacts/{contact}] [Missing parameter: contact]. at /home/libraint/public_html/admin.librainternational.com.pe/vendor/laravel/framework/src/Illuminate/Routing/Exceptions/UrlGenerationException.php:35)
[stacktrace]
#0 /home/libraint/public_html/admin.librainternational.com.pe/vendor/laravel/framework/src/Illuminate/Routing/RouteUrlGenerator.php(90): Illuminate\\Routing\\Exceptions\\UrlGenerationException::forMissingParameters()
#1 /home/libraint/public_html/admin.librainternational.com.pe/vendor/laravel/framework/src/Illuminate/Routing/UrlGenerator.php(493): Illuminate\\Routing\\RouteUrlGenerator->to()
#2 /home/libraint/public_html/admin.librainternational.com.pe/vendor/laravel/framework/src/Illuminate/Routing/UrlGenerator.php(513): Illuminate\\Routing\\UrlGenerator->toRoute()
#3 /home/libraint/public_html/admin.librainternational.com.pe/vendor/laravel/framework/src/Illuminate/Foundation/helpers.php(102): Illuminate\\Routing\\UrlGenerator->action()
#4 /home/libraint/public_html/admin.librainternational.com.pe/storage/framework/views/d81aa8b77696e0d19198253829d37d4ce15f925c.php(12): action()
#5 /home/libraint/public_html/admin.librainternational.com.pe/vendor/laravel/framework/src/Illuminate/Filesystem/Filesystem.php(109): require('/home/libraint/...')
#6 /home/libraint/public_html/admin.librainternational.com.pe/vendor/laravel/framework/src/Illuminate/Filesystem/Filesystem.php(110): Illuminate\\Filesystem\\Filesystem::Illuminate\\Filesystem\\{closure}()
#7 /home/libraint/public_html/admin.librainternational.com.pe/vendor/laravel/framework/src/Illuminate/View/Engines/PhpEngine.php(58): Illuminate\\Filesystem\\Filesystem->getRequire()
#8 /home/libraint/public_html/admin.librainternational.com.pe/vendor/laravel/framework/src/Illuminate/View/Engines/CompilerEngine.php(70): Illuminate\\View\\Engines\\PhpEngine->evaluatePath()
#9 /home/libraint/public_html/admin.librainternational.com.pe/vendor/laravel/framework/src/Illuminate/View/View.php(195): Illuminate\\View\\Engines\\CompilerEngine->get()
#10 /home/libraint/public_html/admin.librainternational.com.pe/vendor/laravel/framework/src/Illuminate/View/View.php(178): Illuminate\\View\\View->getContents()
#11 /home/libraint/public_html/admin.librainternational.com.pe/vendor/laravel/framework/src/Illuminate/View/View.php(147): Illuminate\\View\\View->renderContents()
#12 /home/libraint/public_html/admin.librainternational.com.pe/vendor/laravel/framework/src/Illuminate/Http/Response.php(69): Illuminate\\View\\View->render()
#13 /home/libraint/public_html/admin.librainternational.com.pe/vendor/laravel/framework/src/Illuminate/Http/Response.php(35): Illuminate\\Http\\Response->setContent()
#14 /home/libraint/public_html/admin.librainternational.com.pe/vendor/laravel/framework/src/Illuminate/Routing/Router.php(906): Illuminate\\Http\\Response->__construct()
#15 /home/libraint/public_html/admin.librainternational.com.pe/vendor/laravel/framework/src/Illuminate/Routing/Router.php(875): Illuminate\\Routing\\Router::toResponse()
#16 /home/libraint/public_html/admin.librainternational.com.pe/vendor/laravel/framework/src/Illuminate/Routing/Router.php(798): Illuminate\\Routing\\Router->prepareResponse()
#17 /home/libraint/public_html/admin.librainternational.com.pe/vendor/laravel/framework/src/Illuminate/Pipeline/Pipeline.php(141): Illuminate\\Routing\\Router->Illuminate\\Routing\\{closure}()
#18 /home/libraint/public_html/admin.librainternational.com.pe/app/Http/Middleware/CheckUserLogin.php(22): Illuminate\\Pipeline\\Pipeline->Illuminate\\Pipeline\\{closure}()
#19 /home/libraint/public_html/admin.librainternational.com.pe/vendor/laravel/framework/src/Illuminate/Pipeline/Pipeline.php(180): App\\Http\\Middleware\\CheckUserLogin->handle()
#20 /home/libraint/public_html/admin.librainternational.com.pe/app/Http/Middleware/AdminSidebarMenu.php(21): Illuminate\\Pipeline\\Pipeline->Illuminate\\Pipeline\\{closure}()
#21 /home/libraint/public_html/admin.librainternational.com.pe/vendor/laravel/framework/src/Illuminate/Pipeline/Pipeline.php(180): App\\Http\\Middleware\\AdminSidebarMenu->handle()
#22 /home/libraint/public_html/admin.librainternational.com.pe/app/Http/Middleware/Timezone.php(30): Illuminate\\Pipeline\\Pipeline->Illuminate\\Pipeline\\{closure}()
#23 /home/libraint/public_html/admin.librainternational.com.pe/vendor/laravel/framework/src/Illuminate/Pipeline/Pipeline.php(180): App\\Http\\Middleware\\Timezone->handle()
#24 /home/libraint/public_html/admin.librainternational.com.pe/app/Http/Middleware/Language.php(25): Illuminate\\Pipeline\\Pipeline->Illuminate\\Pipeline\\{closure}()
#25 /home/libraint/public_html/admin.librainternational.com.pe/vendor/laravel/framework/src/Illuminate/Pipeline/Pipeline.php(180): App\\Http\\Middleware\\Language->handle()
#26 /home/libraint/public_html/admin.librainternational.com.pe/app/Http/Middleware/SetSessionData.php(52): Illuminate\\Pipeline\\Pipeline->Illuminate\\Pipeline\\{closure}()
#27 /home/libraint/public_html/admin.librainternational.com.pe/vendor/laravel/framework/src/Illuminate/Pipeline/Pipeline.php(180): App\\Http\\Middleware\\SetSessionData->handle()
#28 /home/libraint/public_html/admin.librainternational.com.pe/app/Http/Middleware/IsInstalled.php(50): Illuminate\\Pipeline\\Pipeline->Illuminate\\Pipeline\\{closure}()
#29 /home/libraint/public_html/admin.librainternational.com.pe/vendor/laravel/framework/src/Illuminate/Pipeline/Pipeline.php(180): App\\Http\\Middleware\\IsInstalled->handle()
#30 /home/libraint/public_html/admin.librainternational.com.pe/vendor/laravel/framework/src/Illuminate/Routing/Middleware/SubstituteBindings.php(50): Illuminate\\Pipeline\\Pipeline->Illuminate\\Pipeline\\{closure}()
#31 /home/libraint/public_html/admin.librainternational.com.pe/vendor/laravel/framework/src/Illuminate/Pipeline/Pipeline.php(180): Illuminate\\Routing\\Middleware\\SubstituteBindings->handle()
#32 /home/libraint/public_html/admin.librainternational.com.pe/vendor/laravel/framework/src/Illuminate/Auth/Middleware/Authenticate.php(44): Illuminate\\Pipeline\\Pipeline->Illuminate\\Pipeline\\{closure}()
#33 /home/libraint/public_html/admin.librainternational.com.pe/vendor/laravel/framework/src/Illuminate/Pipeline/Pipeline.php(180): Illuminate\\Auth\\Middleware\\Authenticate->handle()
#34 /home/libraint/public_html/admin.librainternational.com.pe/vendor/laravel/framework/src/Illuminate/Foundation/Http/Middleware/VerifyCsrfToken.php(78): Illuminate\\Pipeline\\Pipeline->Illuminate\\Pipeline\\{closure}()
#35 /home/libraint/public_html/admin.librainternational.com.pe/vendor/laravel/framework/src/Illuminate/Pipeline/Pipeline.php(180): Illuminate\\Foundation\\Http\\Middleware\\VerifyCsrfToken->handle()
#36 /home/libraint/public_html/admin.librainternational.com.pe/vendor/laravel/framework/src/Illuminate/View/Middleware/ShareErrorsFromSession.php(49): Illuminate\\Pipeline\\Pipeline->Illuminate\\Pipeline\\{closure}()
#37 /home/libraint/public_html/admin.librainternational.com.pe/vendor/laravel/framework/src/Illuminate/Pipeline/Pipeline.php(180): Illuminate\\View\\Middleware\\ShareErrorsFromSession->handle()
#38 /home/libraint/public_html/admin.librainternational.com.pe/vendor/laravel/framework/src/Illuminate/Session/Middleware/StartSession.php(121): Illuminate\\Pipeline\\Pipeline->Illuminate\\Pipeline\\{closure}()
#39 /home/libraint/public_html/admin.librainternational.com.pe/vendor/laravel/framework/src/Illuminate/Session/Middleware/StartSession.php(64): Illuminate\\Session\\Middleware\\StartSession->handleStatefulRequest()
#40 /home/libraint/public_html/admin.librainternational.com.pe/vendor/laravel/framework/src/Illuminate/Pipeline/Pipeline.php(180): Illuminate\\Session\\Middleware\\StartSession->handle()
#41 /home/libraint/public_html/admin.librainternational.com.pe/vendor/laravel/framework/src/Illuminate/Cookie/Middleware/AddQueuedCookiesToResponse.php(37): Illuminate\\Pipeline\\Pipeline->Illuminate\\Pipeline\\{closure}()
#42 /home/libraint/public_html/admin.librainternational.com.pe/vendor/laravel/framework/src/Illuminate/Pipeline/Pipeline.php(180): Illuminate\\Cookie\\Middleware\\AddQueuedCookiesToResponse->handle()
#43 /home/libraint/public_html/admin.librainternational.com.pe/vendor/laravel/framework/src/Illuminate/Cookie/Middleware/EncryptCookies.php(67): Illuminate\\Pipeline\\Pipeline->Illuminate\\Pipeline\\{closure}()
#44 /home/libraint/public_html/admin.librainternational.com.pe/vendor/laravel/framework/src/Illuminate/Pipeline/Pipeline.php(180): Illuminate\\Cookie\\Middleware\\EncryptCookies->handle()
#45 /home/libraint/public_html/admin.librainternational.com.pe/vendor/laravel/framework/src/Illuminate/Pipeline/Pipeline.php(116): Illuminate\\Pipeline\\Pipeline->Illuminate\\Pipeline\\{closure}()
#46 /home/libraint/public_html/admin.librainternational.com.pe/vendor/laravel/framework/src/Illuminate/Routing/Router.php(799): Illuminate\\Pipeline\\Pipeline->then()
#47 /home/libraint/public_html/admin.librainternational.com.pe/vendor/laravel/framework/src/Illuminate/Routing/Router.php(776): Illuminate\\Routing\\Router->runRouteWithinStack()
#48 /home/libraint/public_html/admin.librainternational.com.pe/vendor/laravel/framework/src/Illuminate/Routing/Router.php(740): Illuminate\\Routing\\Router->runRoute()
#49 /home/libraint/public_html/admin.librainternational.com.pe/vendor/laravel/framework/src/Illuminate/Routing/Router.php(729): Illuminate\\Routing\\Router->dispatchToRoute()
#50 /home/libraint/public_html/admin.librainternational.com.pe/vendor/laravel/framework/src/Illuminate/Foundation/Http/Kernel.php(190): Illuminate\\Routing\\Router->dispatch()
#51 /home/libraint/public_html/admin.librainternational.com.pe/vendor/laravel/framework/src/Illuminate/Pipeline/Pipeline.php(141): Illuminate\\Foundation\\Http\\Kernel->Illuminate\\Foundation\\Http\\{closure}()
#52 /home/libraint/public_html/admin.librainternational.com.pe/vendor/barryvdh/laravel-debugbar/src/Middleware/InjectDebugbar.php(59): Illuminate\\Pipeline\\Pipeline->Illuminate\\Pipeline\\{closure}()
#53 /home/libraint/public_html/admin.librainternational.com.pe/vendor/laravel/framework/src/Illuminate/Pipeline/Pipeline.php(180): Barryvdh\\Debugbar\\Middleware\\InjectDebugbar->handle()
#54 /home/libraint/public_html/admin.librainternational.com.pe/vendor/laravel/framework/src/Illuminate/Foundation/Http/Middleware/TransformsRequest.php(21): Illuminate\\Pipeline\\Pipeline->Illuminate\\Pipeline\\{closure}()
#55 /home/libraint/public_html/admin.librainternational.com.pe/vendor/laravel/framework/src/Illuminate/Foundation/Http/Middleware/ConvertEmptyStringsToNull.php(31): Illuminate\\Foundation\\Http\\Middleware\\TransformsRequest->handle()
#56 /home/libraint/public_html/admin.librainternational.com.pe/vendor/laravel/framework/src/Illuminate/Pipeline/Pipeline.php(180): Illuminate\\Foundation\\Http\\Middleware\\ConvertEmptyStringsToNull->handle()
#57 /home/libraint/public_html/admin.librainternational.com.pe/vendor/laravel/framework/src/Illuminate/Foundation/Http/Middleware/TransformsRequest.php(21): Illuminate\\Pipeline\\Pipeline->Illuminate\\Pipeline\\{closure}()
#58 /home/libraint/public_html/admin.librainternational.com.pe/vendor/laravel/framework/src/Illuminate/Foundation/Http/Middleware/TrimStrings.php(40): Illuminate\\Foundation\\Http\\Middleware\\TransformsRequest->handle()
#59 /home/libraint/public_html/admin.librainternational.com.pe/vendor/laravel/framework/src/Illuminate/Pipeline/Pipeline.php(180): Illuminate\\Foundation\\Http\\Middleware\\TrimStrings->handle()
#60 /home/libraint/public_html/admin.librainternational.com.pe/vendor/laravel/framework/src/Illuminate/Foundation/Http/Middleware/ValidatePostSize.php(27): Illuminate\\Pipeline\\Pipeline->Illuminate\\Pipeline\\{closure}()
#61 /home/libraint/public_html/admin.librainternational.com.pe/vendor/laravel/framework/src/Illuminate/Pipeline/Pipeline.php(180): Illuminate\\Foundation\\Http\\Middleware\\ValidatePostSize->handle()
#62 /home/libraint/public_html/admin.librainternational.com.pe/vendor/laravel/framework/src/Illuminate/Foundation/Http/Middleware/PreventRequestsDuringMaintenance.php(86): Illuminate\\Pipeline\\Pipeline->Illuminate\\Pipeline\\{closure}()
#63 /home/libraint/public_html/admin.librainternational.com.pe/vendor/laravel/framework/src/Illuminate/Pipeline/Pipeline.php(180): Illuminate\\Foundation\\Http\\Middleware\\PreventRequestsDuringMaintenance->handle()
#64 /home/libraint/public_html/admin.librainternational.com.pe/vendor/laravel/framework/src/Illuminate/Http/Middleware/HandleCors.php(49): Illuminate\\Pipeline\\Pipeline->Illuminate\\Pipeline\\{closure}()
#65 /home/libraint/public_html/admin.librainternational.com.pe/vendor/laravel/framework/src/Illuminate/Pipeline/Pipeline.php(180): Illuminate\\Http\\Middleware\\HandleCors->handle()
#66 /home/libraint/public_html/admin.librainternational.com.pe/vendor/laravel/framework/src/Illuminate/Http/Middleware/TrustProxies.php(39): Illuminate\\Pipeline\\Pipeline->Illuminate\\Pipeline\\{closure}()
#67 /home/libraint/public_html/admin.librainternational.com.pe/vendor/laravel/framework/src/Illuminate/Pipeline/Pipeline.php(180): Illuminate\\Http\\Middleware\\TrustProxies->handle()
#68 /home/libraint/public_html/admin.librainternational.com.pe/vendor/laravel/framework/src/Illuminate/Pipeline/Pipeline.php(116): Illuminate\\Pipeline\\Pipeline->Illuminate\\Pipeline\\{closure}()
#69 /home/libraint/public_html/admin.librainternational.com.pe/vendor/laravel/framework/src/Illuminate/Foundation/Http/Kernel.php(165): Illuminate\\Pipeline\\Pipeline->then()
#70 /home/libraint/public_html/admin.librainternational.com.pe/vendor/laravel/framework/src/Illuminate/Foundation/Http/Kernel.php(134): Illuminate\\Foundation\\Http\\Kernel->sendRequestThroughRouter()
#71 /home/libraint/public_html/admin.librainternational.com.pe/public/index.php(52): Illuminate\\Foundation\\Http\\Kernel->handle()
#72 {main}
"} 
[2026-02-10 18:23:34] live.ERROR: htmlspecialchars(): Argument #1 ($string) must be of type string, array given {"view":{"view":"/home/libraint/public_html/admin.librainternational.com.pe/resources/views/product/partials/single_product_details.blade.php","data":[]},"userId":48,"exception":"[object] (Spatie\\LaravelIgnition\\Exceptions\\ViewException(code: 0): htmlspecialchars(): Argument #1 ($string) must be of type string, array given at /home/libraint/public_html/admin.librainternational.com.pe/vendor/laravel/framework/src/Illuminate/Support/helpers.php:123)
[stacktrace]
#0 /home/libraint/public_html/admin.librainternational.com.pe/vendor/laravel/framework/src/Illuminate/Support/helpers.php(123): htmlspecialchars()
#1 /home/libraint/public_html/admin.librainternational.com.pe/resources/views/product/partials/single_product_details.blade.php(50): e()
#2 /home/libraint/public_html/admin.librainternational.com.pe/vendor/laravel/framework/src/Illuminate/Filesystem/Filesystem.php(109): require('/home/libraint/...')
#3 /home/libraint/public_html/admin.librainternational.com.pe/vendor/laravel/framework/src/Illuminate/Filesystem/Filesystem.php(110): Illuminate\\Filesystem\\Filesystem::Illuminate\\Filesystem\\{closure}()
#4 /home/libraint/public_html/admin.librainternational.com.pe/vendor/laravel/framework/src/Illuminate/View/Engines/PhpEngine.php(58): Illuminate\\Filesystem\\Filesystem->getRequire()
#5 /home/libraint/public_html/admin.librainternational.com.pe/vendor/laravel/framework/src/Illuminate/View/Engines/CompilerEngine.php(70): Illuminate\\View\\Engines\\PhpEngine->evaluatePath()
#6 /home/libraint/public_html/admin.librainternational.com.pe/vendor/laravel/framework/src/Illuminate/View/View.php(195): Illuminate\\View\\Engines\\CompilerEngine->get()
#7 /home/libraint/public_html/admin.librainternational.com.pe/vendor/laravel/framework/src/Illuminate/View/View.php(178): Illuminate\\View\\View->getContents()
#8 /home/libraint/public_html/admin.librainternational.com.pe/vendor/laravel/framework/src/Illuminate/View/View.php(147): Illuminate\\View\\View->renderContents()
#9 /home/libraint/public_html/admin.librainternational.com.pe/resources/views/product/view-modal.blade.php(159): Illuminate\\View\\View->render()
#10 /home/libraint/public_html/admin.librainternational.com.pe/vendor/laravel/framework/src/Illuminate/Filesystem/Filesystem.php(109): require('/home/libraint/...')
#11 /home/libraint/public_html/admin.librainternational.com.pe/vendor/laravel/framework/src/Illuminate/Filesystem/Filesystem.php(110): Illuminate\\Filesystem\\Filesystem::Illuminate\\Filesystem\\{closure}()
#12 /home/libraint/public_html/admin.librainternational.com.pe/vendor/laravel/framework/src/Illuminate/View/Engines/PhpEngine.php(58): Illuminate\\Filesystem\\Filesystem->getRequire()
#13 /home/libraint/public_html/admin.librainternational.com.pe/vendor/laravel/framework/src/Illuminate/View/Engines/CompilerEngine.php(70): Illuminate\\View\\Engines\\PhpEngine->evaluatePath()
#14 /home/libraint/public_html/admin.librainternational.com.pe/vendor/laravel/framework/src/Illuminate/View/View.php(195): Illuminate\\View\\Engines\\CompilerEngine->get()
#15 /home/libraint/public_html/admin.librainternational.com.pe/vendor/laravel/framework/src/Illuminate/View/View.php(178): Illuminate\\View\\View->getContents()
#16 /home/libraint/public_html/admin.librainternational.com.pe/vendor/laravel/framework/src/Illuminate/View/View.php(147): Illuminate\\View\\View->renderContents()
#17 /home/libraint/public_html/admin.librainternational.com.pe/vendor/laravel/framework/src/Illuminate/Http/Response.php(69): Illuminate\\View\\View->render()
#18 /home/libraint/public_html/admin.librainternational.com.pe/vendor/laravel/framework/src/Illuminate/Http/Response.php(35): Illuminate\\Http\\Response->setContent()
#19 /home/libraint/public_html/admin.librainternational.com.pe/vendor/laravel/framework/src/Illuminate/Routing/Router.php(906): Illuminate\\Http\\Response->__construct()
#20 /home/libraint/public_html/admin.librainternational.com.pe/vendor/laravel/framework/src/Illuminate/Routing/Router.php(875): Illuminate\\Routing\\Router::toResponse()
#21 /home/libraint/public_html/admin.librainternational.com.pe/vendor/laravel/framework/src/Illuminate/Routing/Router.php(798): Illuminate\\Routing\\Router->prepareResponse()
#22 /home/libraint/public_html/admin.librainternational.com.pe/vendor/laravel/framework/src/Illuminate/Pipeline/Pipeline.php(141): Illuminate\\Routing\\Router->Illuminate\\Routing\\{closure}()
#23 /home/libraint/public_html/admin.librainternational.com.pe/app/Http/Middleware/CheckUserLogin.php(22): Illuminate\\Pipeline\\Pipeline->Illuminate\\Pipeline\\{closure}()
#24 /home/libraint/public_html/admin.librainternational.com.pe/vendor/laravel/framework/src/Illuminate/Pipeline/Pipeline.php(180): App\\Http\\Middleware\\CheckUserLogin->handle()
#25 /home/libraint/public_html/admin.librainternational.com.pe/app/Http/Middleware/AdminSidebarMenu.php(21): Illuminate\\Pipeline\\Pipeline->Illuminate\\Pipeline\\{closure}()
#26 /home/libraint/public_html/admin.librainternational.com.pe/vendor/laravel/framework/src/Illuminate/Pipeline/Pipeline.php(180): App\\Http\\Middleware\\AdminSidebarMenu->handle()
#27 /home/libraint/public_html/admin.librainternational.com.pe/app/Http/Middleware/Timezone.php(30): Illuminate\\Pipeline\\Pipeline->Illuminate\\Pipeline\\{closure}()
#28 /home/libraint/public_html/admin.librainternational.com.pe/vendor/laravel/framework/src/Illuminate/Pipeline/Pipeline.php(180): App\\Http\\Middleware\\Timezone->handle()
#29 /home/libraint/public_html/admin.librainternational.com.pe/app/Http/Middleware/Language.php(25): Illuminate\\Pipeline\\Pipeline->Illuminate\\Pipeline\\{closure}()
#30 /home/libraint/public_html/admin.librainternational.com.pe/vendor/laravel/framework/src/Illuminate/Pipeline/Pipeline.php(180): App\\Http\\Middleware\\Language->handle()
#31 /home/libraint/public_html/admin.librainternational.com.pe/app/Http/Middleware/SetSessionData.php(52): Illuminate\\Pipeline\\Pipeline->Illuminate\\Pipeline\\{closure}()
#32 /home/libraint/public_html/admin.librainternational.com.pe/vendor/laravel/framework/src/Illuminate/Pipeline/Pipeline.php(180): App\\Http\\Middleware\\SetSessionData->handle()
#33 /home/libraint/public_html/admin.librainternational.com.pe/app/Http/Middleware/IsInstalled.php(50): Illuminate\\Pipeline\\Pipeline->Illuminate\\Pipeline\\{closure}()
#34 /home/libraint/public_html/admin.librainternational.com.pe/vendor/laravel/framework/src/Illuminate/Pipeline/Pipeline.php(180): App\\Http\\Middleware\\IsInstalled->handle()
#35 /home/libraint/public_html/admin.librainternational.com.pe/vendor/laravel/framework/src/Illuminate/Routing/Middleware/SubstituteBindings.php(50): Illuminate\\Pipeline\\Pipeline->Illuminate\\Pipeline\\{closure}()
#36 /home/libraint/public_html/admin.librainternational.com.pe/vendor/laravel/framework/src/Illuminate/Pipeline/Pipeline.php(180): Illuminate\\Routing\\Middleware\\SubstituteBindings->handle()
#37 /home/libraint/public_html/admin.librainternational.com.pe/vendor/laravel/framework/src/Illuminate/Auth/Middleware/Authenticate.php(44): Illuminate\\Pipeline\\Pipeline->Illuminate\\Pipeline\\{closure}()
#38 /home/libraint/public_html/admin.librainternational.com.pe/vendor/laravel/framework/src/Illuminate/Pipeline/Pipeline.php(180): Illuminate\\Auth\\Middleware\\Authenticate->handle()
#39 /home/libraint/public_html/admin.librainternational.com.pe/vendor/laravel/framework/src/Illuminate/Foundation/Http/Middleware/VerifyCsrfToken.php(78): Illuminate\\Pipeline\\Pipeline->Illuminate\\Pipeline\\{closure}()
#40 /home/libraint/public_html/admin.librainternational.com.pe/vendor/laravel/framework/src/Illuminate/Pipeline/Pipeline.php(180): Illuminate\\Foundation\\Http\\Middleware\\VerifyCsrfToken->handle()
#41 /home/libraint/public_html/admin.librainternational.com.pe/vendor/laravel/framework/src/Illuminate/View/Middleware/ShareErrorsFromSession.php(49): Illuminate\\Pipeline\\Pipeline->Illuminate\\Pipeline\\{closure}()
#42 /home/libraint/public_html/admin.librainternational.com.pe/vendor/laravel/framework/src/Illuminate/Pipeline/Pipeline.php(180): Illuminate\\View\\Middleware\\ShareErrorsFromSession->handle()
#43 /home/libraint/public_html/admin.librainternational.com.pe/vendor/laravel/framework/src/Illuminate/Session/Middleware/StartSession.php(121): Illuminate\\Pipeline\\Pipeline->Illuminate\\Pipeline\\{closure}()
#44 /home/libraint/public_html/admin.librainternational.com.pe/vendor/laravel/framework/src/Illuminate/Session/Middleware/StartSession.php(64): Illuminate\\Session\\Middleware\\StartSession->handleStatefulRequest()
#45 /home/libraint/public_html/admin.librainternational.com.pe/vendor/laravel/framework/src/Illuminate/Pipeline/Pipeline.php(180): Illuminate\\Session\\Middleware\\StartSession->handle()
#46 /home/libraint/public_html/admin.librainternational.com.pe/vendor/laravel/framework/src/Illuminate/Cookie/Middleware/AddQueuedCookiesToResponse.php(37): Illuminate\\Pipeline\\Pipeline->Illuminate\\Pipeline\\{closure}()
#47 /home/libraint/public_html/admin.librainternational.com.pe/vendor/laravel/framework/src/Illuminate/Pipeline/Pipeline.php(180): Illuminate\\Cookie\\Middleware\\AddQueuedCookiesToResponse->handle()
#48 /home/libraint/public_html/admin.librainternational.com.pe/vendor/laravel/framework/src/Illuminate/Cookie/Middleware/EncryptCookies.php(67): Illuminate\\Pipeline\\Pipeline->Illuminate\\Pipeline\\{closure}()
#49 /home/libraint/public_html/admin.librainternational.com.pe/vendor/laravel/framework/src/Illuminate/Pipeline/Pipeline.php(180): Illuminate\\Cookie\\Middleware\\EncryptCookies->handle()
#50 /home/libraint/public_html/admin.librainternational.com.pe/vendor/laravel/framework/src/Illuminate/Pipeline/Pipeline.php(116): Illuminate\\Pipeline\\Pipeline->Illuminate\\Pipeline\\{closure}()
#51 /home/libraint/public_html/admin.librainternational.com.pe/vendor/laravel/framework/src/Illuminate/Routing/Router.php(799): Illuminate\\Pipeline\\Pipeline->then()
#52 /home/libraint/public_html/admin.librainternational.com.pe/vendor/laravel/framework/src/Illuminate/Routing/Router.php(776): Illuminate\\Routing\\Router->runRouteWithinStack()
#53 /home/libraint/public_html/admin.librainternational.com.pe/vendor/laravel/framework/src/Illuminate/Routing/Router.php(740): Illuminate\\Routing\\Router->runRoute()
#54 /home/libraint/public_html/admin.librainternational.com.pe/vendor/laravel/framework/src/Illuminate/Routing/Router.php(729): Illuminate\\Routing\\Router->dispatchToRoute()
#55 /home/libraint/public_html/admin.librainternational.com.pe/vendor/laravel/framework/src/Illuminate/Foundation/Http/Kernel.php(190): Illuminate\\Routing\\Router->dispatch()
#56 /home/libraint/public_html/admin.librainternational.com.pe/vendor/laravel/framework/src/Illuminate/Pipeline/Pipeline.php(141): Illuminate\\Foundation\\Http\\Kernel->Illuminate\\Foundation\\Http\\{closure}()
#57 /home/libraint/public_html/admin.librainternational.com.pe/vendor/barryvdh/laravel-debugbar/src/Middleware/InjectDebugbar.php(59): Illuminate\\Pipeline\\Pipeline->Illuminate\\Pipeline\\{closure}()
#58 /home/libraint/public_html/admin.librainternational.com.pe/vendor/laravel/framework/src/Illuminate/Pipeline/Pipeline.php(180): Barryvdh\\Debugbar\\Middleware\\InjectDebugbar->handle()
#59 /home/libraint/public_html/admin.librainternational.com.pe/vendor/laravel/framework/src/Illuminate/Foundation/Http/Middleware/TransformsRequest.php(21): Illuminate\\Pipeline\\Pipeline->Illuminate\\Pipeline\\{closure}()
#60 /home/libraint/public_html/admin.librainternational.com.pe/vendor/laravel/framework/src/Illuminate/Foundation/Http/Middleware/ConvertEmptyStringsToNull.php(31): Illuminate\\Foundation\\Http\\Middleware\\TransformsRequest->handle()
#61 /home/libraint/public_html/admin.librainternational.com.pe/vendor/laravel/framework/src/Illuminate/Pipeline/Pipeline.php(180): Illuminate\\Foundation\\Http\\Middleware\\ConvertEmptyStringsToNull->handle()
#62 /home/libraint/public_html/admin.librainternational.com.pe/vendor/laravel/framework/src/Illuminate/Foundation/Http/Middleware/TransformsRequest.php(21): Illuminate\\Pipeline\\Pipeline->Illuminate\\Pipeline\\{closure}()
#63 /home/libraint/public_html/admin.librainternational.com.pe/vendor/laravel/framework/src/Illuminate/Foundation/Http/Middleware/TrimStrings.php(40): Illuminate\\Foundation\\Http\\Middleware\\TransformsRequest->handle()
#64 /home/libraint/public_html/admin.librainternational.com.pe/vendor/laravel/framework/src/Illuminate/Pipeline/Pipeline.php(180): Illuminate\\Foundation\\Http\\Middleware\\TrimStrings->handle()
#65 /home/libraint/public_html/admin.librainternational.com.pe/vendor/laravel/framework/src/Illuminate/Foundation/Http/Middleware/ValidatePostSize.php(27): Illuminate\\Pipeline\\Pipeline->Illuminate\\Pipeline\\{closure}()
#66 /home/libraint/public_html/admin.librainternational.com.pe/vendor/laravel/framework/src/Illuminate/Pipeline/Pipeline.php(180): Illuminate\\Foundation\\Http\\Middleware\\ValidatePostSize->handle()
#67 /home/libraint/public_html/admin.librainternational.com.pe/vendor/laravel/framework/src/Illuminate/Foundation/Http/Middleware/PreventRequestsDuringMaintenance.php(86): Illuminate\\Pipeline\\Pipeline->Illuminate\\Pipeline\\{closure}()
#68 /home/libraint/public_html/admin.librainternational.com.pe/vendor/laravel/framework/src/Illuminate/Pipeline/Pipeline.php(180): Illuminate\\Foundation\\Http\\Middleware\\PreventRequestsDuringMaintenance->handle()
#69 /home/libraint/public_html/admin.librainternational.com.pe/vendor/laravel/framework/src/Illuminate/Http/Middleware/HandleCors.php(49): Illuminate\\Pipeline\\Pipeline->Illuminate\\Pipeline\\{closure}()
#70 /home/libraint/public_html/admin.librainternational.com.pe/vendor/laravel/framework/src/Illuminate/Pipeline/Pipeline.php(180): Illuminate\\Http\\Middleware\\HandleCors->handle()
#71 /home/libraint/public_html/admin.librainternational.com.pe/vendor/laravel/framework/src/Illuminate/Http/Middleware/TrustProxies.php(39): Illuminate\\Pipeline\\Pipeline->Illuminate\\Pipeline\\{closure}()
#72 /home/libraint/public_html/admin.librainternational.com.pe/vendor/laravel/framework/src/Illuminate/Pipeline/Pipeline.php(180): Illuminate\\Http\\Middleware\\TrustProxies->handle()
#73 /home/libraint/public_html/admin.librainternational.com.pe/vendor/laravel/framework/src/Illuminate/Pipeline/Pipeline.php(116): Illuminate\\Pipeline\\Pipeline->Illuminate\\Pipeline\\{closure}()
#74 /home/libraint/public_html/admin.librainternational.com.pe/vendor/laravel/framework/src/Illuminate/Foundation/Http/Kernel.php(165): Illuminate\\Pipeline\\Pipeline->then()
#75 /home/libraint/public_html/admin.librainternational.com.pe/vendor/laravel/framework/src/Illuminate/Foundation/Http/Kernel.php(134): Illuminate\\Foundation\\Http\\Kernel->sendRequestThroughRouter()
#76 /home/libraint/public_html/admin.librainternational.com.pe/public/index.php(52): Illuminate\\Foundation\\Http\\Kernel->handle()
#77 {main}

[previous exception] [object] (TypeError(code: 0): htmlspecialchars(): Argument #1 ($string) must be of type string, array given at /home/libraint/public_html/admin.librainternational.com.pe/vendor/laravel/framework/src/Illuminate/Support/helpers.php:123)
[stacktrace]
#0 /home/libraint/public_html/admin.librainternational.com.pe/vendor/laravel/framework/src/Illuminate/Support/helpers.php(123): htmlspecialchars()
#1 /home/libraint/public_html/admin.librainternational.com.pe/storage/framework/views/4a866bc7036fb4c3a1b51dcc086d528c3bbd9040.php(51): e()
#2 /home/libraint/public_html/admin.librainternational.com.pe/vendor/laravel/framework/src/Illuminate/Filesystem/Filesystem.php(109): require('/home/libraint/...')
#3 /home/libraint/public_html/admin.librainternational.com.pe/vendor/laravel/framework/src/Illuminate/Filesystem/Filesystem.php(110): Illuminate\\Filesystem\\Filesystem::Illuminate\\Filesystem\\{closure}()
#4 /home/libraint/public_html/admin.librainternational.com.pe/vendor/laravel/framework/src/Illuminate/View/Engines/PhpEngine.php(58): Illuminate\\Filesystem\\Filesystem->getRequire()
#5 /home/libraint/public_html/admin.librainternational.com.pe/vendor/laravel/framework/src/Illuminate/View/Engines/CompilerEngine.php(70): Illuminate\\View\\Engines\\PhpEngine->evaluatePath()
#6 /home/libraint/public_html/admin.librainternational.com.pe/vendor/laravel/framework/src/Illuminate/View/View.php(195): Illuminate\\View\\Engines\\CompilerEngine->get()
#7 /home/libraint/public_html/admin.librainternational.com.pe/vendor/laravel/framework/src/Illuminate/View/View.php(178): Illuminate\\View\\View->getContents()
#8 /home/libraint/public_html/admin.librainternational.com.pe/vendor/laravel/framework/src/Illuminate/View/View.php(147): Illuminate\\View\\View->renderContents()
#9 /home/libraint/public_html/admin.librainternational.com.pe/storage/framework/views/afb0785658936b12d6a69a503343e650dfd5cf5d.php(168): Illuminate\\View\\View->render()
#10 /home/libraint/public_html/admin.librainternational.com.pe/vendor/laravel/framework/src/Illuminate/Filesystem/Filesystem.php(109): require('/home/libraint/...')
#11 /home/libraint/public_html/admin.librainternational.com.pe/vendor/laravel/framework/src/Illuminate/Filesystem/Filesystem.php(110): Illuminate\\Filesystem\\Filesystem::Illuminate\\Filesystem\\{closure}()
#12 /home/libraint/public_html/admin.librainternational.com.pe/vendor/laravel/framework/src/Illuminate/View/Engines/PhpEngine.php(58): Illuminate\\Filesystem\\Filesystem->getRequire()
#13 /home/libraint/public_html/admin.librainternational.com.pe/vendor/laravel/framework/src/Illuminate/View/Engines/CompilerEngine.php(70): Illuminate\\View\\Engines\\PhpEngine->evaluatePath()
#14 /home/libraint/public_html/admin.librainternational.com.pe/vendor/laravel/framework/src/Illuminate/View/View.php(195): Illuminate\\View\\Engines\\CompilerEngine->get()
#15 /home/libraint/public_html/admin.librainternational.com.pe/vendor/laravel/framework/src/Illuminate/View/View.php(178): Illuminate\\View\\View->getContents()
#16 /home/libraint/public_html/admin.librainternational.com.pe/vendor/laravel/framework/src/Illuminate/View/View.php(147): Illuminate\\View\\View->renderContents()
#17 /home/libraint/public_html/admin.librainternational.com.pe/vendor/laravel/framework/src/Illuminate/Http/Response.php(69): Illuminate\\View\\View->render()
#18 /home/libraint/public_html/admin.librainternational.com.pe/vendor/laravel/framework/src/Illuminate/Http/Response.php(35): Illuminate\\Http\\Response->setContent()
#19 /home/libraint/public_html/admin.librainternational.com.pe/vendor/laravel/framework/src/Illuminate/Routing/Router.php(906): Illuminate\\Http\\Response->__construct()
#20 /home/libraint/public_html/admin.librainternational.com.pe/vendor/laravel/framework/src/Illuminate/Routing/Router.php(875): Illuminate\\Routing\\Router::toResponse()
#21 /home/libraint/public_html/admin.librainternational.com.pe/vendor/laravel/framework/src/Illuminate/Routing/Router.php(798): Illuminate\\Routing\\Router->prepareResponse()
#22 /home/libraint/public_html/admin.librainternational.com.pe/vendor/laravel/framework/src/Illuminate/Pipeline/Pipeline.php(141): Illuminate\\Routing\\Router->Illuminate\\Routing\\{closure}()
#23 /home/libraint/public_html/admin.librainternational.com.pe/app/Http/Middleware/CheckUserLogin.php(22): Illuminate\\Pipeline\\Pipeline->Illuminate\\Pipeline\\{closure}()
#24 /home/libraint/public_html/admin.librainternational.com.pe/vendor/laravel/framework/src/Illuminate/Pipeline/Pipeline.php(180): App\\Http\\Middleware\\CheckUserLogin->handle()
#25 /home/libraint/public_html/admin.librainternational.com.pe/app/Http/Middleware/AdminSidebarMenu.php(21): Illuminate\\Pipeline\\Pipeline->Illuminate\\Pipeline\\{closure}()
#26 /home/libraint/public_html/admin.librainternational.com.pe/vendor/laravel/framework/src/Illuminate/Pipeline/Pipeline.php(180): App\\Http\\Middleware\\AdminSidebarMenu->handle()
#27 /home/libraint/public_html/admin.librainternational.com.pe/app/Http/Middleware/Timezone.php(30): Illuminate\\Pipeline\\Pipeline->Illuminate\\Pipeline\\{closure}()
#28 /home/libraint/public_html/admin.librainternational.com.pe/vendor/laravel/framework/src/Illuminate/Pipeline/Pipeline.php(180): App\\Http\\Middleware\\Timezone->handle()
#29 /home/libraint/public_html/admin.librainternational.com.pe/app/Http/Middleware/Language.php(25): Illuminate\\Pipeline\\Pipeline->Illuminate\\Pipeline\\{closure}()
#30 /home/libraint/public_html/admin.librainternational.com.pe/vendor/laravel/framework/src/Illuminate/Pipeline/Pipeline.php(180): App\\Http\\Middleware\\Language->handle()
#31 /home/libraint/public_html/admin.librainternational.com.pe/app/Http/Middleware/SetSessionData.php(52): Illuminate\\Pipeline\\Pipeline->Illuminate\\Pipeline\\{closure}()
#32 /home/libraint/public_html/admin.librainternational.com.pe/vendor/laravel/framework/src/Illuminate/Pipeline/Pipeline.php(180): App\\Http\\Middleware\\SetSessionData->handle()
#33 /home/libraint/public_html/admin.librainternational.com.pe/app/Http/Middleware/IsInstalled.php(50): Illuminate\\Pipeline\\Pipeline->Illuminate\\Pipeline\\{closure}()
#34 /home/libraint/public_html/admin.librainternational.com.pe/vendor/laravel/framework/src/Illuminate/Pipeline/Pipeline.php(180): App\\Http\\Middleware\\IsInstalled->handle()
#35 /home/libraint/public_html/admin.librainternational.com.pe/vendor/laravel/framework/src/Illuminate/Routing/Middleware/SubstituteBindings.php(50): Illuminate\\Pipeline\\Pipeline->Illuminate\\Pipeline\\{closure}()
#36 /home/libraint/public_html/admin.librainternational.com.pe/vendor/laravel/framework/src/Illuminate/Pipeline/Pipeline.php(180): Illuminate\\Routing\\Middleware\\SubstituteBindings->handle()
#37 /home/libraint/public_html/admin.librainternational.com.pe/vendor/laravel/framework/src/Illuminate/Auth/Middleware/Authenticate.php(44): Illuminate\\Pipeline\\Pipeline->Illuminate\\Pipeline\\{closure}()
#38 /home/libraint/public_html/admin.librainternational.com.pe/vendor/laravel/framework/src/Illuminate/Pipeline/Pipeline.php(180): Illuminate\\Auth\\Middleware\\Authenticate->handle()
#39 /home/libraint/public_html/admin.librainternational.com.pe/vendor/laravel/framework/src/Illuminate/Foundation/Http/Middleware/VerifyCsrfToken.php(78): Illuminate\\Pipeline\\Pipeline->Illuminate\\Pipeline\\{closure}()
#40 /home/libraint/public_html/admin.librainternational.com.pe/vendor/laravel/framework/src/Illuminate/Pipeline/Pipeline.php(180): Illuminate\\Foundation\\Http\\Middleware\\VerifyCsrfToken->handle()
#41 /home/libraint/public_html/admin.librainternational.com.pe/vendor/laravel/framework/src/Illuminate/View/Middleware/ShareErrorsFromSession.php(49): Illuminate\\Pipeline\\Pipeline->Illuminate\\Pipeline\\{closure}()
#42 /home/libraint/public_html/admin.librainternational.com.pe/vendor/laravel/framework/src/Illuminate/Pipeline/Pipeline.php(180): Illuminate\\View\\Middleware\\ShareErrorsFromSession->handle()
#43 /home/libraint/public_html/admin.librainternational.com.pe/vendor/laravel/framework/src/Illuminate/Session/Middleware/StartSession.php(121): Illuminate\\Pipeline\\Pipeline->Illuminate\\Pipeline\\{closure}()
#44 /home/libraint/public_html/admin.librainternational.com.pe/vendor/laravel/framework/src/Illuminate/Session/Middleware/StartSession.php(64): Illuminate\\Session\\Middleware\\StartSession->handleStatefulRequest()
#45 /home/libraint/public_html/admin.librainternational.com.pe/vendor/laravel/framework/src/Illuminate/Pipeline/Pipeline.php(180): Illuminate\\Session\\Middleware\\StartSession->handle()
#46 /home/libraint/public_html/admin.librainternational.com.pe/vendor/laravel/framework/src/Illuminate/Cookie/Middleware/AddQueuedCookiesToResponse.php(37): Illuminate\\Pipeline\\Pipeline->Illuminate\\Pipeline\\{closure}()
#47 /home/libraint/public_html/admin.librainternational.com.pe/vendor/laravel/framework/src/Illuminate/Pipeline/Pipeline.php(180): Illuminate\\Cookie\\Middleware\\AddQueuedCookiesToResponse->handle()
#48 /home/libraint/public_html/admin.librainternational.com.pe/vendor/laravel/framework/src/Illuminate/Cookie/Middleware/EncryptCookies.php(67): Illuminate\\Pipeline\\Pipeline->Illuminate\\Pipeline\\{closure}()
#49 /home/libraint/public_html/admin.librainternational.com.pe/vendor/laravel/framework/src/Illuminate/Pipeline/Pipeline.php(180): Illuminate\\Cookie\\Middleware\\EncryptCookies->handle()
#50 /home/libraint/public_html/admin.librainternational.com.pe/vendor/laravel/framework/src/Illuminate/Pipeline/Pipeline.php(116): Illuminate\\Pipeline\\Pipeline->Illuminate\\Pipeline\\{closure}()
#51 /home/libraint/public_html/admin.librainternational.com.pe/vendor/laravel/framework/src/Illuminate/Routing/Router.php(799): Illuminate\\Pipeline\\Pipeline->then()
#52 /home/libraint/public_html/admin.librainternational.com.pe/vendor/laravel/framework/src/Illuminate/Routing/Router.php(776): Illuminate\\Routing\\Router->runRouteWithinStack()
#53 /home/libraint/public_html/admin.librainternational.com.pe/vendor/laravel/framework/src/Illuminate/Routing/Router.php(740): Illuminate\\Routing\\Router->runRoute()
#54 /home/libraint/public_html/admin.librainternational.com.pe/vendor/laravel/framework/src/Illuminate/Routing/Router.php(729): Illuminate\\Routing\\Router->dispatchToRoute()
#55 /home/libraint/public_html/admin.librainternational.com.pe/vendor/laravel/framework/src/Illuminate/Foundation/Http/Kernel.php(190): Illuminate\\Routing\\Router->dispatch()
#56 /home/libraint/public_html/admin.librainternational.com.pe/vendor/laravel/framework/src/Illuminate/Pipeline/Pipeline.php(141): Illuminate\\Foundation\\Http\\Kernel->Illuminate\\Foundation\\Http\\{closure}()
#57 /home/libraint/public_html/admin.librainternational.com.pe/vendor/barryvdh/laravel-debugbar/src/Middleware/InjectDebugbar.php(59): Illuminate\\Pipeline\\Pipeline->Illuminate\\Pipeline\\{closure}()
#58 /home/libraint/public_html/admin.librainternational.com.pe/vendor/laravel/framework/src/Illuminate/Pipeline/Pipeline.php(180): Barryvdh\\Debugbar\\Middleware\\InjectDebugbar->handle()
#59 /home/libraint/public_html/admin.librainternational.com.pe/vendor/laravel/framework/src/Illuminate/Foundation/Http/Middleware/TransformsRequest.php(21): Illuminate\\Pipeline\\Pipeline->Illuminate\\Pipeline\\{closure}()
#60 /home/libraint/public_html/admin.librainternational.com.pe/vendor/laravel/framework/src/Illuminate/Foundation/Http/Middleware/ConvertEmptyStringsToNull.php(31): Illuminate\\Foundation\\Http\\Middleware\\TransformsRequest->handle()
#61 /home/libraint/public_html/admin.librainternational.com.pe/vendor/laravel/framework/src/Illuminate/Pipeline/Pipeline.php(180): Illuminate\\Foundation\\Http\\Middleware\\ConvertEmptyStringsToNull->handle()
#62 /home/libraint/public_html/admin.librainternational.com.pe/vendor/laravel/framework/src/Illuminate/Foundation/Http/Middleware/TransformsRequest.php(21): Illuminate\\Pipeline\\Pipeline->Illuminate\\Pipeline\\{closure}()
#63 /home/libraint/public_html/admin.librainternational.com.pe/vendor/laravel/framework/src/Illuminate/Foundation/Http/Middleware/TrimStrings.php(40): Illuminate\\Foundation\\Http\\Middleware\\TransformsRequest->handle()
#64 /home/libraint/public_html/admin.librainternational.com.pe/vendor/laravel/framework/src/Illuminate/Pipeline/Pipeline.php(180): Illuminate\\Foundation\\Http\\Middleware\\TrimStrings->handle()
#65 /home/libraint/public_html/admin.librainternational.com.pe/vendor/laravel/framework/src/Illuminate/Foundation/Http/Middleware/ValidatePostSize.php(27): Illuminate\\Pipeline\\Pipeline->Illuminate\\Pipeline\\{closure}()
#66 /home/libraint/public_html/admin.librainternational.com.pe/vendor/laravel/framework/src/Illuminate/Pipeline/Pipeline.php(180): Illuminate\\Foundation\\Http\\Middleware\\ValidatePostSize->handle()
#67 /home/libraint/public_html/admin.librainternational.com.pe/vendor/laravel/framework/src/Illuminate/Foundation/Http/Middleware/PreventRequestsDuringMaintenance.php(86): Illuminate\\Pipeline\\Pipeline->Illuminate\\Pipeline\\{closure}()
#68 /home/libraint/public_html/admin.librainternational.com.pe/vendor/laravel/framework/src/Illuminate/Pipeline/Pipeline.php(180): Illuminate\\Foundation\\Http\\Middleware\\PreventRequestsDuringMaintenance->handle()
#69 /home/libraint/public_html/admin.librainternational.com.pe/vendor/laravel/framework/src/Illuminate/Http/Middleware/HandleCors.php(49): Illuminate\\Pipeline\\Pipeline->Illuminate\\Pipeline\\{closure}()
#70 /home/libraint/public_html/admin.librainternational.com.pe/vendor/laravel/framework/src/Illuminate/Pipeline/Pipeline.php(180): Illuminate\\Http\\Middleware\\HandleCors->handle()
#71 /home/libraint/public_html/admin.librainternational.com.pe/vendor/laravel/framework/src/Illuminate/Http/Middleware/TrustProxies.php(39): Illuminate\\Pipeline\\Pipeline->Illuminate\\Pipeline\\{closure}()
#72 /home/libraint/public_html/admin.librainternational.com.pe/vendor/laravel/framework/src/Illuminate/Pipeline/Pipeline.php(180): Illuminate\\Http\\Middleware\\TrustProxies->handle()
#73 /home/libraint/public_html/admin.librainternational.com.pe/vendor/laravel/framework/src/Illuminate/Pipeline/Pipeline.php(116): Illuminate\\Pipeline\\Pipeline->Illuminate\\Pipeline\\{closure}()
#74 /home/libraint/public_html/admin.librainternational.com.pe/vendor/laravel/framework/src/Illuminate/Foundation/Http/Kernel.php(165): Illuminate\\Pipeline\\Pipeline->then()
#75 /home/libraint/public_html/admin.librainternational.com.pe/vendor/laravel/framework/src/Illuminate/Foundation/Http/Kernel.php(134): Illuminate\\Foundation\\Http\\Kernel->sendRequestThroughRouter()
#76 /home/libraint/public_html/admin.librainternational.com.pe/public/index.php(52): Illuminate\\Foundation\\Http\\Kernel->handle()
#77 {main}
"} 
[2026-02-10 23:51:49] live.ERROR: Expected response code "250/251/252" but got code "550", with message "550 SMTP AUTH is required for message submission on port 465". {"exception":"[object] (Symfony\\Component\\Mailer\\Exception\\TransportException(code: 550): Expected response code \"250/251/252\" but got code \"550\", with message \"550 SMTP AUTH is required for message submission on port 465\". at /home/libraint/public_html/admin.librainternational.com.pe/vendor/symfony/mailer/Transport/Smtp/SmtpTransport.php:338)
[stacktrace]
#0 /home/libraint/public_html/admin.librainternational.com.pe/vendor/symfony/mailer/Transport/Smtp/SmtpTransport.php(201): Symfony\\Component\\Mailer\\Transport\\Smtp\\SmtpTransport->assertResponseCode()
#1 /home/libraint/public_html/admin.librainternational.com.pe/vendor/symfony/mailer/Transport/Smtp/EsmtpTransport.php(105): Symfony\\Component\\Mailer\\Transport\\Smtp\\SmtpTransport->executeCommand()
#2 /home/libraint/public_html/admin.librainternational.com.pe/vendor/symfony/mailer/Transport/Smtp/SmtpTransport.php(264): Symfony\\Component\\Mailer\\Transport\\Smtp\\EsmtpTransport->executeCommand()
#3 /home/libraint/public_html/admin.librainternational.com.pe/vendor/symfony/mailer/Transport/Smtp/SmtpTransport.php(220): Symfony\\Component\\Mailer\\Transport\\Smtp\\SmtpTransport->doRcptToCommand()
#4 /home/libraint/public_html/admin.librainternational.com.pe/vendor/symfony/mailer/Transport/AbstractTransport.php(69): Symfony\\Component\\Mailer\\Transport\\Smtp\\SmtpTransport->doSend()
#5 /home/libraint/public_html/admin.librainternational.com.pe/vendor/symfony/mailer/Transport/Smtp/SmtpTransport.php(137): Symfony\\Component\\Mailer\\Transport\\AbstractTransport->send()
#6 /home/libraint/public_html/admin.librainternational.com.pe/vendor/laravel/framework/src/Illuminate/Mail/Mailer.php(523): Symfony\\Component\\Mailer\\Transport\\Smtp\\SmtpTransport->send()
#7 /home/libraint/public_html/admin.librainternational.com.pe/vendor/laravel/framework/src/Illuminate/Mail/Mailer.php(287): Illuminate\\Mail\\Mailer->sendSymfonyMessage()
#8 /home/libraint/public_html/admin.librainternational.com.pe/vendor/laravel/framework/src/Illuminate/Notifications/Channels/MailChannel.php(67): Illuminate\\Mail\\Mailer->send()
#9 /home/libraint/public_html/admin.librainternational.com.pe/vendor/laravel/framework/src/Illuminate/Notifications/NotificationSender.php(148): Illuminate\\Notifications\\Channels\\MailChannel->send()
#10 /home/libraint/public_html/admin.librainternational.com.pe/vendor/laravel/framework/src/Illuminate/Notifications/NotificationSender.php(106): Illuminate\\Notifications\\NotificationSender->sendToNotifiable()
#11 /home/libraint/public_html/admin.librainternational.com.pe/vendor/laravel/framework/src/Illuminate/Support/Traits/Localizable.php(19): Illuminate\\Notifications\\NotificationSender->Illuminate\\Notifications\\{closure}()
#12 /home/libraint/public_html/admin.librainternational.com.pe/vendor/laravel/framework/src/Illuminate/Notifications/NotificationSender.php(109): Illuminate\\Notifications\\NotificationSender->withLocale()
#13 /home/libraint/public_html/admin.librainternational.com.pe/vendor/laravel/framework/src/Illuminate/Notifications/NotificationSender.php(79): Illuminate\\Notifications\\NotificationSender->sendNow()
#14 /home/libraint/public_html/admin.librainternational.com.pe/vendor/laravel/framework/src/Illuminate/Notifications/ChannelManager.php(39): Illuminate\\Notifications\\NotificationSender->send()
#15 /home/libraint/public_html/admin.librainternational.com.pe/vendor/laravel/framework/src/Illuminate/Notifications/RoutesNotifications.php(18): Illuminate\\Notifications\\ChannelManager->send()
#16 /home/libraint/public_html/admin.librainternational.com.pe/vendor/spatie/laravel-backup/src/Notifications/EventHandler.php(30): Spatie\\Backup\\Notifications\\Notifiable->notify()
#17 /home/libraint/public_html/admin.librainternational.com.pe/vendor/laravel/framework/src/Illuminate/Events/Dispatcher.php(421): Spatie\\Backup\\Notifications\\EventHandler->Spatie\\Backup\\Notifications\\{closure}()
#18 /home/libraint/public_html/admin.librainternational.com.pe/vendor/laravel/framework/src/Illuminate/Events/Dispatcher.php(249): Illuminate\\Events\\Dispatcher->Illuminate\\Events\\{closure}()
#19 /home/libraint/public_html/admin.librainternational.com.pe/vendor/laravel/framework/src/Illuminate/Foundation/helpers.php(451): Illuminate\\Events\\Dispatcher->dispatch()
#20 /home/libraint/public_html/admin.librainternational.com.pe/vendor/spatie/laravel-backup/src/Tasks/Backup/BackupJob.php(311): event()
#21 /home/libraint/public_html/admin.librainternational.com.pe/vendor/laravel/framework/src/Illuminate/Foundation/helpers.php(756): Spatie\\Backup\\Tasks\\Backup\\BackupJob->Spatie\\Backup\\Tasks\\Backup\\{closure}()
#22 /home/libraint/public_html/admin.librainternational.com.pe/vendor/spatie/laravel-backup/src/Tasks/Backup/BackupJob.php(313): rescue()
#23 /home/libraint/public_html/admin.librainternational.com.pe/vendor/spatie/laravel-backup/src/Tasks/Backup/BackupJob.php(296): Spatie\\Backup\\Tasks\\Backup\\BackupJob->sendNotification()
#24 /home/libraint/public_html/admin.librainternational.com.pe/vendor/laravel/framework/src/Illuminate/Collections/Traits/EnumeratesValues.php(235): Spatie\\Backup\\Tasks\\Backup\\BackupJob->Spatie\\Backup\\Tasks\\Backup\\{closure}()
#25 /home/libraint/public_html/admin.librainternational.com.pe/vendor/spatie/laravel-backup/src/Tasks/Backup/BackupJob.php(304): Illuminate\\Support\\Collection->each()
#26 /home/libraint/public_html/admin.librainternational.com.pe/vendor/spatie/laravel-backup/src/Tasks/Backup/BackupJob.php(168): Spatie\\Backup\\Tasks\\Backup\\BackupJob->copyToBackupDestinations()
#27 /home/libraint/public_html/admin.librainternational.com.pe/vendor/spatie/laravel-backup/src/Commands/BackupCommand.php(58): Spatie\\Backup\\Tasks\\Backup\\BackupJob->run()
#28 /home/libraint/public_html/admin.librainternational.com.pe/vendor/laravel/framework/src/Illuminate/Container/BoundMethod.php(36): Spatie\\Backup\\Commands\\BackupCommand->handle()
#29 /home/libraint/public_html/admin.librainternational.com.pe/vendor/laravel/framework/src/Illuminate/Container/Util.php(41): Illuminate\\Container\\BoundMethod::Illuminate\\Container\\{closure}()
#30 /home/libraint/public_html/admin.librainternational.com.pe/vendor/laravel/framework/src/Illuminate/Container/BoundMethod.php(93): Illuminate\\Container\\Util::unwrapIfClosure()
#31 /home/libraint/public_html/admin.librainternational.com.pe/vendor/laravel/framework/src/Illuminate/Container/BoundMethod.php(37): Illuminate\\Container\\BoundMethod::callBoundMethod()
#32 /home/libraint/public_html/admin.librainternational.com.pe/vendor/laravel/framework/src/Illuminate/Container/Container.php(661): Illuminate\\Container\\BoundMethod::call()
#33 /home/libraint/public_html/admin.librainternational.com.pe/vendor/laravel/framework/src/Illuminate/Console/Command.php(183): Illuminate\\Container\\Container->call()
#34 /home/libraint/public_html/admin.librainternational.com.pe/vendor/symfony/console/Command/Command.php(312): Illuminate\\Console\\Command->execute()
#35 /home/libraint/public_html/admin.librainternational.com.pe/vendor/laravel/framework/src/Illuminate/Console/Command.php(153): Symfony\\Component\\Console\\Command\\Command->run()
#36 /home/libraint/public_html/admin.librainternational.com.pe/vendor/spatie/laravel-backup/src/Commands/BaseCommand.php(28): Illuminate\\Console\\Command->run()
#37 /home/libraint/public_html/admin.librainternational.com.pe/vendor/symfony/console/Application.php(1022): Spatie\\Backup\\Commands\\BaseCommand->run()
#38 /home/libraint/public_html/admin.librainternational.com.pe/vendor/symfony/console/Application.php(314): Symfony\\Component\\Console\\Application->doRunCommand()
#39 /home/libraint/public_html/admin.librainternational.com.pe/vendor/symfony/console/Application.php(168): Symfony\\Component\\Console\\Application->doRun()
#40 /home/libraint/public_html/admin.librainternational.com.pe/vendor/laravel/framework/src/Illuminate/Console/Application.php(102): Symfony\\Component\\Console\\Application->run()
#41 /home/libraint/public_html/admin.librainternational.com.pe/vendor/laravel/framework/src/Illuminate/Foundation/Console/Kernel.php(155): Illuminate\\Console\\Application->run()
#42 /home/libraint/public_html/admin.librainternational.com.pe/artisan(37): Illuminate\\Foundation\\Console\\Kernel->handle()
#43 {main}
"} 
